SF:/Users/drgo/local/code/MDEditor/Sources/MDEditor/HexColor.swift
FN:17,$s8MDEditor8HexColorV3red5green4blueACs5UInt8V_A2HtcfC
FN:27,$s8MDEditor8HexColorV4fromACs7Decoder_p_tKcfC
FN:35,$s8MDEditor8HexColorV4fromACs7Decoder_p_tKcfcSSSJXEfU_
FN:51,$s8MDEditor8HexColorV6encode2toys7Encoder_p_tKF
FN:58,$s8MDEditor8HexColorV11descriptionSSvg
FN:63,$s8MDEditor8HexColorV01mC0So7NSColorCvg
FNDA:20,$s8MDEditor8HexColorV3red5green4blueACs5UInt8V_A2HtcfC
FNDA:12,$s8MDEditor8HexColorV4fromACs7Decoder_p_tKcfC
FNDA:6,$s8MDEditor8HexColorV4fromACs7Decoder_p_tKcfcSSSJXEfU_
FNDA:1,$s8MDEditor8HexColorV6encode2toys7Encoder_p_tKF
FNDA:0,$s8MDEditor8HexColorV11descriptionSSvg
FNDA:37,$s8MDEditor8HexColorV01mC0So7NSColorCvg
FNF:6
FNH:5
DA:17,20
DA:18,20
DA:19,20
DA:20,20
DA:21,20
DA:27,12
DA:28,12
DA:29,12
DA:30,12
DA:31,12
DA:32,12
DA:33,12
DA:34,12
DA:35,6
DA:36,12
DA:37,6
DA:38,12
DA:39,4
DA:40,12
DA:41,8
DA:42,8
DA:43,1
DA:44,7
DA:45,7
DA:46,7
DA:47,7
DA:48,7
DA:49,7
DA:51,1
DA:52,1
DA:53,1
DA:54,1
DA:55,1
DA:56,1
DA:58,0
DA:59,0
DA:60,0
DA:63,37
DA:64,37
DA:65,37
DA:66,37
DA:70,37
DA:78,37
BRF:0
BRH:0
LF:44
LH:41
end_of_record
SF:/Users/drgo/local/code/MDEditor/Sources/MDEditor/MDEditorConfiguration.swift
FN:26,$s8MDEditor0A13ConfigurationV14editorFontName0cD4Size0C9TextColor0c10BackgroundH00C11LineSpacing0C18DefaultIndentWidth0C15LayoutDirectionACSSSg_12CoreGraphics7CGFloatVSgSo7NSColorCSgAr2nA0gP0OtcfC
FN:37,$s8MDEditor0A13ConfigurationV14editorFontName0cD4Size0C9TextColor0c10BackgroundH00C11LineSpacing0C18DefaultIndentWidth0C15LayoutDirectionACSSSg_12CoreGraphics7CGFloatVSgSo7NSColorCSgAr2nA0gP0OtcfcANyKXEfu_
FN:38,$s8MDEditor0A13ConfigurationV14editorFontName0cD4Size0C9TextColor0c10BackgroundH00C11LineSpacing0C18DefaultIndentWidth0C15LayoutDirectionACSSSg_12CoreGraphics7CGFloatVSgSo7NSColorCSgAr2nA0gP0OtcfcAQyKXEfu0_
FN:39,$s8MDEditor0A13ConfigurationV14editorFontName0cD4Size0C9TextColor0c10BackgroundH00C11LineSpacing0C18DefaultIndentWidth0C15LayoutDirectionACSSSg_12CoreGraphics7CGFloatVSgSo7NSColorCSgAr2nA0gP0OtcfcAQyKXEfu1_
FN:49,$s8MDEditor0A13ConfigurationV22swiftUILayoutDirection7SwiftUI06LayoutE0Ovg
FN:59,$s8MDEditor0A13ConfigurationV4hash4intoys6HasherVz_tF
FNDA:0,$s8MDEditor0A13ConfigurationV14editorFontName0cD4Size0C9TextColor0c10BackgroundH00C11LineSpacing0C18DefaultIndentWidth0C15LayoutDirectionACSSSg_12CoreGraphics7CGFloatVSgSo7NSColorCSgAr2nA0gP0OtcfC
FNDA:0,$s8MDEditor0A13ConfigurationV14editorFontName0cD4Size0C9TextColor0c10BackgroundH00C11LineSpacing0C18DefaultIndentWidth0C15LayoutDirectionACSSSg_12CoreGraphics7CGFloatVSgSo7NSColorCSgAr2nA0gP0OtcfcANyKXEfu_
FNDA:0,$s8MDEditor0A13ConfigurationV14editorFontName0cD4Size0C9TextColor0c10BackgroundH00C11LineSpacing0C18DefaultIndentWidth0C15LayoutDirectionACSSSg_12CoreGraphics7CGFloatVSgSo7NSColorCSgAr2nA0gP0OtcfcAQyKXEfu0_
FNDA:0,$s8MDEditor0A13ConfigurationV14editorFontName0cD4Size0C9TextColor0c10BackgroundH00C11LineSpacing0C18DefaultIndentWidth0C15LayoutDirectionACSSSg_12CoreGraphics7CGFloatVSgSo7NSColorCSgAr2nA0gP0OtcfcAQyKXEfu1_
FNDA:0,$s8MDEditor0A13ConfigurationV22swiftUILayoutDirection7SwiftUI06LayoutE0Ovg
FNDA:0,$s8MDEditor0A13ConfigurationV4hash4intoys6HasherVz_tF
FNF:6
FNH:0
DA:26,0
DA:27,0
DA:28,0
DA:29,0
DA:30,0
DA:31,0
DA:37,0
DA:38,0
DA:39,0
DA:45,0
DA:49,0
DA:50,0
DA:51,0
DA:52,0
DA:53,0
DA:54,0
DA:55,0
DA:56,0
DA:59,0
DA:60,0
DA:61,0
DA:62,0
DA:63,0
DA:64,0
DA:65,0
DA:66,0
DA:67,0
BRF:0
BRH:0
LF:30
LH:0
end_of_record
SF:/Users/drgo/local/code/MDEditor/Sources/MDEditor/MDEditorTheme.swift
FN:13,$s8MDEditor0A5ThemeV2idSSvg
FN:43,$s8MDEditor0A5ThemeV4name6author11description15layoutDirection14globalFontName0h4BaseI4Size0H9TextColor0h10BackgroundN00h6AccentN019defaultElementStyle13elementStylesACSS_SSSgAoA0mG0OSgAO12CoreGraphics7CGFloatVSgAA03HexN0VSgA2yA08MarkdownrS0VSgSDySSA_GSgtcfC
FN:71,$s8MDEditor0A5ThemeV15internalDefaultACvpZfiACyXEfU_
FN:93,$s8MDEditor0A5ThemeV15internalDefaultACvpZfiACyXEfU_12CoreGraphics7CGFloatVyKXEfu_
FN:111,$s8MDEditor0A5ThemeV15internalDefaultACvpZfiACyXEfU_12CoreGraphics7CGFloatVyKXEfu0_
FN:118,$s8MDEditor0A5ThemeV15internalDefaultACvpZfiACyXEfU_12CoreGraphics7CGFloatVyKXEfu1_
FNDA:0,$s8MDEditor0A5ThemeV2idSSvg
FNDA:4,$s8MDEditor0A5ThemeV4name6author11description15layoutDirection14globalFontName0h4BaseI4Size0H9TextColor0h10BackgroundN00h6AccentN019defaultElementStyle13elementStylesACSS_SSSgAoA0mG0OSgAO12CoreGraphics7CGFloatVSgAA03HexN0VSgA2yA08MarkdownrS0VSgSDySSA_GSgtcfC
FNDA:1,$s8MDEditor0A5ThemeV15internalDefaultACvpZfiACyXEfU_
FNDA:1,$s8MDEditor0A5ThemeV15internalDefaultACvpZfiACyXEfU_12CoreGraphics7CGFloatVyKXEfu_
FNDA:1,$s8MDEditor0A5ThemeV15internalDefaultACvpZfiACyXEfU_12CoreGraphics7CGFloatVyKXEfu0_
FNDA:1,$s8MDEditor0A5ThemeV15internalDefaultACvpZfiACyXEfU_12CoreGraphics7CGFloatVyKXEfu1_
FNF:6
FNH:5
DA:13,0
DA:43,4
DA:44,4
DA:45,4
DA:46,4
DA:47,4
DA:48,4
DA:49,4
DA:50,4
DA:51,4
DA:52,4
DA:53,4
DA:54,4
DA:55,4
DA:71,1
DA:72,1
DA:73,1
DA:74,1
DA:75,1
DA:76,1
DA:77,1
DA:78,1
DA:79,1
DA:80,1
DA:81,1
DA:82,1
DA:83,1
DA:84,1
DA:85,1
DA:86,1
DA:87,1
DA:88,1
DA:89,1
DA:90,1
DA:91,1
DA:92,1
DA:93,1
DA:94,1
DA:95,1
DA:96,1
DA:97,1
DA:98,1
DA:99,1
DA:100,1
DA:101,1
DA:102,1
DA:103,1
DA:104,1
DA:105,1
DA:106,1
DA:107,1
DA:108,1
DA:109,1
DA:110,1
DA:111,1
DA:112,1
DA:113,1
DA:114,1
DA:115,1
DA:116,1
DA:117,1
DA:118,1
DA:119,1
DA:120,1
DA:121,1
DA:122,1
DA:123,1
DA:124,1
DA:125,1
DA:126,1
DA:127,1
DA:128,1
DA:129,1
DA:130,1
DA:131,1
DA:132,1
DA:133,1
DA:134,1
DA:135,1
DA:136,1
DA:137,1
DA:138,1
DA:139,1
DA:140,1
DA:141,1
DA:142,1
DA:143,1
DA:144,1
BRF:0
BRH:0
LF:91
LH:90
end_of_record
SF:/Users/drgo/local/code/MDEditor/Sources/MDEditor/MDEditorView.swift
FN:44,$s8MDEditor0A4ViewV4text11initialMode0D5Theme19editorConfiguration8themeURLAC7SwiftUI7BindingVySSG_AA0aE0OAA0aF0VAKyAA0aH0VG10Foundation0J0VSgtcfC
FN:53,$s8MDEditor0A4ViewV18getPlatformActions33_1E4BECBD83C5E3CBAE02DDF37B279CD9LLAA0adE0_pyF
FN:62,$s8MDEditor0A4ViewV013editorContentB033_1E4BECBD83C5E3CBAE02DDF37B279CD9LLQryF
FN:82,$s8MDEditor0A4ViewV17loadAndApplyTheme33_1E4BECBD83C5E3CBAE02DDF37B279CD9LL4fromy10Foundation3URLVSg_tF
FN:102,$s8MDEditor0A4ViewV17loadAndApplyTheme33_1E4BECBD83C5E3CBAE02DDF37B279CD9LL4fromy10Foundation3URLVSg_tFSbyKXEfu_
FN:121,$s8MDEditor0A4ViewV31currentEffectiveLayoutDirection33_1E4BECBD83C5E3CBAE02DDF37B279CD9LLAA04TextF0Ovg
FN:123,$s8MDEditor0A4ViewV31currentEffectiveLayoutDirection33_1E4BECBD83C5E3CBAE02DDF37B279CD9LLAA04TextF0OvgAGyKXEfu_
FN:129,$s8MDEditor0A4ViewV29currentSwiftUILayoutDirection33_1E4BECBD83C5E3CBAE02DDF37B279CD9LL0D2UI06LayoutF0Ovg
FN:134,$s8MDEditor0A4ViewV21toggleLayoutDirection33_1E4BECBD83C5E3CBAE02DDF37B279CD9LLyyF
FN:147,$s8MDEditor0A4ViewV4bodyQrvg
FN:148,$s8MDEditor0A4ViewV4bodyQrvg7SwiftUI05TupleB0VyAE0B0PAEE7paddingyQrAE4EdgeO3SetV_12CoreGraphics7CGFloatVSgtFQOyAE4TextV_Qo_Sg_AE5GroupVyAE19_ConditionalContentVyAiEE6border_5widthQrqd___AQtAE10ShapeStyleRd__lFQOyAiEEAJyQrAQFQOyAiEE5frame8minWidth05idealW003maxW00V6Height0xZ00yZ09alignmentQrAR_A5rE9AlignmentVtFQOyAC06editorpB033_1E4BECBD83C5E3CBAE02DDF37B279CD9LLQryFQOy_Qo__Qo__Qo__AE5ColorVQo_AiEE11environmentyQrs15WritableKeyPathCyAE17EnvironmentValuesVqd__G_qd__tlFQOyAiEEA2_A3_A4_A5_A6_A7_A8_A9_QrAR_A5RA11_tFQOyAE06ScrollB0VyAZyAiEE13textSelectionyQrqd__AE0M13SelectabilityRd__lFQOyAiEEAJyQrAQFQOyAiEEA2_A3_A4_A5_A6_A7_A8_A9_QrAR_A5RA11_tFQOyAT_Qo__Qo__AE07EnabledM13SelectabilityVQo_A31_GG_Qo__AE15LayoutDirectionOQo_GGtGyXEfU_
FN:154,$s8MDEditor0A4ViewV4bodyQrvg7SwiftUI05TupleB0VyAE0B0PAEE7paddingyQrAE4EdgeO3SetV_12CoreGraphics7CGFloatVSgtFQOyAE4TextV_Qo_Sg_AE5GroupVyAE19_ConditionalContentVyAiEE6border_5widthQrqd___AQtAE10ShapeStyleRd__lFQOyAiEEAJyQrAQFQOyAiEE5frame8minWidth05idealW003maxW00V6Height0xZ00yZ09alignmentQrAR_A5rE9AlignmentVtFQOyAC06editorpB033_1E4BECBD83C5E3CBAE02DDF37B279CD9LLQryFQOy_Qo__Qo__Qo__AE5ColorVQo_AiEE11environmentyQrs15WritableKeyPathCyAE17EnvironmentValuesVqd__G_qd__tlFQOyAiEEA2_A3_A4_A5_A6_A7_A8_A9_QrAR_A5RA11_tFQOyAE06ScrollB0VyAZyAiEE13textSelectionyQrqd__AE0M13SelectabilityRd__lFQOyAiEEAJyQrAQFQOyAiEEA2_A3_A4_A5_A6_A7_A8_A9_QrAR_A5RA11_tFQOyAT_Qo__Qo__AE07EnabledM13SelectabilityVQo_A31_GG_Qo__AE15LayoutDirectionOQo_GGtGyXEfU_A41_yXEfU_
FN:165,$s8MDEditor0A4ViewV4bodyQrvg7SwiftUI05TupleB0VyAE0B0PAEE7paddingyQrAE4EdgeO3SetV_12CoreGraphics7CGFloatVSgtFQOyAE4TextV_Qo_Sg_AE5GroupVyAE19_ConditionalContentVyAiEE6border_5widthQrqd___AQtAE10ShapeStyleRd__lFQOyAiEEAJyQrAQFQOyAiEE5frame8minWidth05idealW003maxW00V6Height0xZ00yZ09alignmentQrAR_A5rE9AlignmentVtFQOyAC06editorpB033_1E4BECBD83C5E3CBAE02DDF37B279CD9LLQryFQOy_Qo__Qo__Qo__AE5ColorVQo_AiEE11environmentyQrs15WritableKeyPathCyAE17EnvironmentValuesVqd__G_qd__tlFQOyAiEEA2_A3_A4_A5_A6_A7_A8_A9_QrAR_A5RA11_tFQOyAE06ScrollB0VyAZyAiEE13textSelectionyQrqd__AE0M13SelectabilityRd__lFQOyAiEEAJyQrAQFQOyAiEEA2_A3_A4_A5_A6_A7_A8_A9_QrAR_A5RA11_tFQOyAT_Qo__Qo__AE07EnabledM13SelectabilityVQo_A31_GG_Qo__AE15LayoutDirectionOQo_GGtGyXEfU_A41_yXEfU_A35_yXEfU_
FN:183,$s8MDEditor0A4ViewV4bodyQrvgySS_SStcfU0_
FN:186,$s8MDEditor0A4ViewV4bodyQrvgyAA0A5ThemeV_AFtcfU1_
FN:191,$s8MDEditor0A4ViewV4bodyQrvgyAA0A13ConfigurationV_AFtcfU2_
FN:194,$s8MDEditor0A4ViewV4bodyQrvgy10Foundation3URLVSg_AHtcfU3_
FN:195,$s8MDEditor0A4ViewV4bodyQrvgy10Foundation3URLVSg_AHtcfU3_SSyKXEfu_
FN:198,$s8MDEditor0A4ViewV4bodyQrvgyycfU4_
FN:204,$s8MDEditor0A4ViewV4bodyQrvg7SwiftUI21ToolbarContentBuilderV10buildBlockyQrxAE0fG0RzlFZQOy_AC07toolbarG033_1E4BECBD83C5E3CBAE02DDF37B279CD9LLQrvpQOy_Qo_Qo_yXEfU5_
FN:211,$s8MDEditor0A4ViewV14toolbarContent33_1E4BECBD83C5E3CBAE02DDF37B279CD9LLQrvg
FN:214,$s8MDEditor0A4ViewV14toolbarContent33_1E4BECBD83C5E3CBAE02DDF37B279CD9LLQrvg7SwiftUI05TupleB0VyAF0B0PAFE8disabledyQrSbFQOyAjFE4helpyQrAF18LocalizedStringKeyVFQOyAF6ButtonVyAF5ImageVG_Qo__Qo__AUtGyXEfU_
FN:215,$s8MDEditor0A4ViewV14toolbarContent33_1E4BECBD83C5E3CBAE02DDF37B279CD9LLQrvg7SwiftUI05TupleB0VyAF0B0PAFE8disabledyQrSbFQOyAjFE4helpyQrAF18LocalizedStringKeyVFQOyAF6ButtonVyAF5ImageVG_Qo__Qo__AUtGyXEfU_yyScMYccfU_
FN:215,$s8MDEditor0A4ViewV14toolbarContent33_1E4BECBD83C5E3CBAE02DDF37B279CD9LLQrvg7SwiftUI05TupleB0VyAF0B0PAFE8disabledyQrSbFQOyAjFE4helpyQrAF18LocalizedStringKeyVFQOyAF6ButtonVyAF5ImageVG_Qo__Qo__AUtGyXEfU_ARyXEfU0_
FN:219,$s8MDEditor0A4ViewV14toolbarContent33_1E4BECBD83C5E3CBAE02DDF37B279CD9LLQrvg7SwiftUI05TupleB0VyAF0B0PAFE8disabledyQrSbFQOyAjFE4helpyQrAF18LocalizedStringKeyVFQOyAF6ButtonVyAF5ImageVG_Qo__Qo__AUtGyXEfU_yyScMYccfU1_
FN:219,$s8MDEditor0A4ViewV14toolbarContent33_1E4BECBD83C5E3CBAE02DDF37B279CD9LLQrvg7SwiftUI05TupleB0VyAF0B0PAFE8disabledyQrSbFQOyAjFE4helpyQrAF18LocalizedStringKeyVFQOyAF6ButtonVyAF5ImageVG_Qo__Qo__AUtGyXEfU_ARyXEfU2_
FN:224,$s8MDEditor0A4ViewV14toolbarContent33_1E4BECBD83C5E3CBAE02DDF37B279CD9LLQrvg7SwiftUI05EmptyB0VyXEfU0_
FN:230,$s8MDEditor0A4ViewV14toolbarContent33_1E4BECBD83C5E3CBAE02DDF37B279CD9LLQrvg7SwiftUI0B0PAFE11pickerStyleyQrqd__AF06PickerP0Rd__lFQOyAF0Q0VyAF4TextVAA0A4ModeOAF05TupleB0VyAhFE3tag_15includeOptionalQrqd___SbtSHRd__lFQOyAN_APQo__AUtGG_AF09SegmentedqP0VQo_yXEfU1_
FN:231,$s8MDEditor0A4ViewV14toolbarContent33_1E4BECBD83C5E3CBAE02DDF37B279CD9LLQrvg7SwiftUI0B0PAFE11pickerStyleyQrqd__AF06PickerP0Rd__lFQOyAF0Q0VyAF4TextVAA0A4ModeOAF05TupleB0VyAhFE3tag_15includeOptionalQrqd___SbtSHRd__lFQOyAN_APQo__AUtGG_AF09SegmentedqP0VQo_yXEfU1_AVyXEfU_
FN:239,$s8MDEditor0A4ViewV14toolbarContent33_1E4BECBD83C5E3CBAE02DDF37B279CD9LLQrvg7SwiftUI05TupleB0VyAF0B0PAFE4helpyQrAF18LocalizedStringKeyVFQOyAF6ButtonVyAF5ImageVG_Qo__A2StGyXEfU2_
FN:241,$s8MDEditor0A4ViewV14toolbarContent33_1E4BECBD83C5E3CBAE02DDF37B279CD9LLQrvg7SwiftUI05TupleB0VyAF0B0PAFE4helpyQrAF18LocalizedStringKeyVFQOyAF6ButtonVyAF5ImageVG_Qo__A2StGyXEfU2_yyScMYccfU_
FN:243,$s8MDEditor0A4ViewV14toolbarContent33_1E4BECBD83C5E3CBAE02DDF37B279CD9LLQrvg7SwiftUI05TupleB0VyAF0B0PAFE4helpyQrAF18LocalizedStringKeyVFQOyAF6ButtonVyAF5ImageVG_Qo__A2StGyXEfU2_AQyXEfU0_
FN:249,$s8MDEditor0A4ViewV14toolbarContent33_1E4BECBD83C5E3CBAE02DDF37B279CD9LLQrvg7SwiftUI05TupleB0VyAF0B0PAFE4helpyQrAF18LocalizedStringKeyVFQOyAF6ButtonVyAF5ImageVG_Qo__A2StGyXEfU2_yyScMYccfU1_
FN:249,$s8MDEditor0A4ViewV14toolbarContent33_1E4BECBD83C5E3CBAE02DDF37B279CD9LLQrvg7SwiftUI05TupleB0VyAF0B0PAFE4helpyQrAF18LocalizedStringKeyVFQOyAF6ButtonVyAF5ImageVG_Qo__A2StGyXEfU2_AQyXEfU2_
FN:252,$s8MDEditor0A4ViewV14toolbarContent33_1E4BECBD83C5E3CBAE02DDF37B279CD9LLQrvg7SwiftUI05TupleB0VyAF0B0PAFE4helpyQrAF18LocalizedStringKeyVFQOyAF6ButtonVyAF5ImageVG_Qo__A2StGyXEfU2_yyScMYccfU3_
FN:252,$s8MDEditor0A4ViewV14toolbarContent33_1E4BECBD83C5E3CBAE02DDF37B279CD9LLQrvg7SwiftUI05TupleB0VyAF0B0PAFE4helpyQrAF18LocalizedStringKeyVFQOyAF6ButtonVyAF5ImageVG_Qo__A2StGyXEfU2_AQyXEfU4_
FN:259,$s8MDEditor0A4ViewV27toolbarItemPlacementLeading33_1E4BECBD83C5E3CBAE02DDF37B279CD9LL7SwiftUI07ToolbardE0Vvg
FN:267,$s8MDEditor0A4ViewV28toolbarItemPlacementTrailing33_1E4BECBD83C5E3CBAE02DDF37B279CD9LL7SwiftUI07ToolbardE0Vvg
FN:275,$s8MDEditor0A4ViewV13forceReRender33_1E4BECBD83C5E3CBAE02DDF37B279CD9LLyyF
FN:280,$s8MDEditor0A4ViewV30parseAndUpdateAttributedString33_1E4BECBD83C5E3CBAE02DDF37B279CD9LL8markdownySS_tF
FN:322,$s8MDEditor0A13View_PreviewsV8previewsQrvgZ
FNDA:0,$s8MDEditor0A4ViewV4text11initialMode0D5Theme19editorConfiguration8themeURLAC7SwiftUI7BindingVySSG_AA0aE0OAA0aF0VAKyAA0aH0VG10Foundation0J0VSgtcfC
FNDA:0,$s8MDEditor0A4ViewV18getPlatformActions33_1E4BECBD83C5E3CBAE02DDF37B279CD9LLAA0adE0_pyF
FNDA:0,$s8MDEditor0A4ViewV013editorContentB033_1E4BECBD83C5E3CBAE02DDF37B279CD9LLQryF
FNDA:0,$s8MDEditor0A4ViewV17loadAndApplyTheme33_1E4BECBD83C5E3CBAE02DDF37B279CD9LL4fromy10Foundation3URLVSg_tF
FNDA:0,$s8MDEditor0A4ViewV17loadAndApplyTheme33_1E4BECBD83C5E3CBAE02DDF37B279CD9LL4fromy10Foundation3URLVSg_tFSbyKXEfu_
FNDA:0,$s8MDEditor0A4ViewV31currentEffectiveLayoutDirection33_1E4BECBD83C5E3CBAE02DDF37B279CD9LLAA04TextF0Ovg
FNDA:0,$s8MDEditor0A4ViewV31currentEffectiveLayoutDirection33_1E4BECBD83C5E3CBAE02DDF37B279CD9LLAA04TextF0OvgAGyKXEfu_
FNDA:0,$s8MDEditor0A4ViewV29currentSwiftUILayoutDirection33_1E4BECBD83C5E3CBAE02DDF37B279CD9LL0D2UI06LayoutF0Ovg
FNDA:0,$s8MDEditor0A4ViewV21toggleLayoutDirection33_1E4BECBD83C5E3CBAE02DDF37B279CD9LLyyF
FNDA:0,$s8MDEditor0A4ViewV4bodyQrvg
FNDA:0,$s8MDEditor0A4ViewV4bodyQrvg7SwiftUI05TupleB0VyAE0B0PAEE7paddingyQrAE4EdgeO3SetV_12CoreGraphics7CGFloatVSgtFQOyAE4TextV_Qo_Sg_AE5GroupVyAE19_ConditionalContentVyAiEE6border_5widthQrqd___AQtAE10ShapeStyleRd__lFQOyAiEEAJyQrAQFQOyAiEE5frame8minWidth05idealW003maxW00V6Height0xZ00yZ09alignmentQrAR_A5rE9AlignmentVtFQOyAC06editorpB033_1E4BECBD83C5E3CBAE02DDF37B279CD9LLQryFQOy_Qo__Qo__Qo__AE5ColorVQo_AiEE11environmentyQrs15WritableKeyPathCyAE17EnvironmentValuesVqd__G_qd__tlFQOyAiEEA2_A3_A4_A5_A6_A7_A8_A9_QrAR_A5RA11_tFQOyAE06ScrollB0VyAZyAiEE13textSelectionyQrqd__AE0M13SelectabilityRd__lFQOyAiEEAJyQrAQFQOyAiEEA2_A3_A4_A5_A6_A7_A8_A9_QrAR_A5RA11_tFQOyAT_Qo__Qo__AE07EnabledM13SelectabilityVQo_A31_GG_Qo__AE15LayoutDirectionOQo_GGtGyXEfU_
FNDA:0,$s8MDEditor0A4ViewV4bodyQrvg7SwiftUI05TupleB0VyAE0B0PAEE7paddingyQrAE4EdgeO3SetV_12CoreGraphics7CGFloatVSgtFQOyAE4TextV_Qo_Sg_AE5GroupVyAE19_ConditionalContentVyAiEE6border_5widthQrqd___AQtAE10ShapeStyleRd__lFQOyAiEEAJyQrAQFQOyAiEE5frame8minWidth05idealW003maxW00V6Height0xZ00yZ09alignmentQrAR_A5rE9AlignmentVtFQOyAC06editorpB033_1E4BECBD83C5E3CBAE02DDF37B279CD9LLQryFQOy_Qo__Qo__Qo__AE5ColorVQo_AiEE11environmentyQrs15WritableKeyPathCyAE17EnvironmentValuesVqd__G_qd__tlFQOyAiEEA2_A3_A4_A5_A6_A7_A8_A9_QrAR_A5RA11_tFQOyAE06ScrollB0VyAZyAiEE13textSelectionyQrqd__AE0M13SelectabilityRd__lFQOyAiEEAJyQrAQFQOyAiEEA2_A3_A4_A5_A6_A7_A8_A9_QrAR_A5RA11_tFQOyAT_Qo__Qo__AE07EnabledM13SelectabilityVQo_A31_GG_Qo__AE15LayoutDirectionOQo_GGtGyXEfU_A41_yXEfU_
FNDA:0,$s8MDEditor0A4ViewV4bodyQrvg7SwiftUI05TupleB0VyAE0B0PAEE7paddingyQrAE4EdgeO3SetV_12CoreGraphics7CGFloatVSgtFQOyAE4TextV_Qo_Sg_AE5GroupVyAE19_ConditionalContentVyAiEE6border_5widthQrqd___AQtAE10ShapeStyleRd__lFQOyAiEEAJyQrAQFQOyAiEE5frame8minWidth05idealW003maxW00V6Height0xZ00yZ09alignmentQrAR_A5rE9AlignmentVtFQOyAC06editorpB033_1E4BECBD83C5E3CBAE02DDF37B279CD9LLQryFQOy_Qo__Qo__Qo__AE5ColorVQo_AiEE11environmentyQrs15WritableKeyPathCyAE17EnvironmentValuesVqd__G_qd__tlFQOyAiEEA2_A3_A4_A5_A6_A7_A8_A9_QrAR_A5RA11_tFQOyAE06ScrollB0VyAZyAiEE13textSelectionyQrqd__AE0M13SelectabilityRd__lFQOyAiEEAJyQrAQFQOyAiEEA2_A3_A4_A5_A6_A7_A8_A9_QrAR_A5RA11_tFQOyAT_Qo__Qo__AE07EnabledM13SelectabilityVQo_A31_GG_Qo__AE15LayoutDirectionOQo_GGtGyXEfU_A41_yXEfU_A35_yXEfU_
FNDA:0,$s8MDEditor0A4ViewV4bodyQrvgySS_SStcfU0_
FNDA:0,$s8MDEditor0A4ViewV4bodyQrvgyAA0A5ThemeV_AFtcfU1_
FNDA:0,$s8MDEditor0A4ViewV4bodyQrvgyAA0A13ConfigurationV_AFtcfU2_
FNDA:0,$s8MDEditor0A4ViewV4bodyQrvgy10Foundation3URLVSg_AHtcfU3_
FNDA:0,$s8MDEditor0A4ViewV4bodyQrvgy10Foundation3URLVSg_AHtcfU3_SSyKXEfu_
FNDA:0,$s8MDEditor0A4ViewV4bodyQrvgyycfU4_
FNDA:0,$s8MDEditor0A4ViewV4bodyQrvg7SwiftUI21ToolbarContentBuilderV10buildBlockyQrxAE0fG0RzlFZQOy_AC07toolbarG033_1E4BECBD83C5E3CBAE02DDF37B279CD9LLQrvpQOy_Qo_Qo_yXEfU5_
FNDA:0,$s8MDEditor0A4ViewV14toolbarContent33_1E4BECBD83C5E3CBAE02DDF37B279CD9LLQrvg
FNDA:0,$s8MDEditor0A4ViewV14toolbarContent33_1E4BECBD83C5E3CBAE02DDF37B279CD9LLQrvg7SwiftUI05TupleB0VyAF0B0PAFE8disabledyQrSbFQOyAjFE4helpyQrAF18LocalizedStringKeyVFQOyAF6ButtonVyAF5ImageVG_Qo__Qo__AUtGyXEfU_
FNDA:0,$s8MDEditor0A4ViewV14toolbarContent33_1E4BECBD83C5E3CBAE02DDF37B279CD9LLQrvg7SwiftUI05TupleB0VyAF0B0PAFE8disabledyQrSbFQOyAjFE4helpyQrAF18LocalizedStringKeyVFQOyAF6ButtonVyAF5ImageVG_Qo__Qo__AUtGyXEfU_yyScMYccfU_
FNDA:0,$s8MDEditor0A4ViewV14toolbarContent33_1E4BECBD83C5E3CBAE02DDF37B279CD9LLQrvg7SwiftUI05TupleB0VyAF0B0PAFE8disabledyQrSbFQOyAjFE4helpyQrAF18LocalizedStringKeyVFQOyAF6ButtonVyAF5ImageVG_Qo__Qo__AUtGyXEfU_ARyXEfU0_
FNDA:0,$s8MDEditor0A4ViewV14toolbarContent33_1E4BECBD83C5E3CBAE02DDF37B279CD9LLQrvg7SwiftUI05TupleB0VyAF0B0PAFE8disabledyQrSbFQOyAjFE4helpyQrAF18LocalizedStringKeyVFQOyAF6ButtonVyAF5ImageVG_Qo__Qo__AUtGyXEfU_yyScMYccfU1_
FNDA:0,$s8MDEditor0A4ViewV14toolbarContent33_1E4BECBD83C5E3CBAE02DDF37B279CD9LLQrvg7SwiftUI05TupleB0VyAF0B0PAFE8disabledyQrSbFQOyAjFE4helpyQrAF18LocalizedStringKeyVFQOyAF6ButtonVyAF5ImageVG_Qo__Qo__AUtGyXEfU_ARyXEfU2_
FNDA:0,$s8MDEditor0A4ViewV14toolbarContent33_1E4BECBD83C5E3CBAE02DDF37B279CD9LLQrvg7SwiftUI05EmptyB0VyXEfU0_
FNDA:0,$s8MDEditor0A4ViewV14toolbarContent33_1E4BECBD83C5E3CBAE02DDF37B279CD9LLQrvg7SwiftUI0B0PAFE11pickerStyleyQrqd__AF06PickerP0Rd__lFQOyAF0Q0VyAF4TextVAA0A4ModeOAF05TupleB0VyAhFE3tag_15includeOptionalQrqd___SbtSHRd__lFQOyAN_APQo__AUtGG_AF09SegmentedqP0VQo_yXEfU1_
FNDA:0,$s8MDEditor0A4ViewV14toolbarContent33_1E4BECBD83C5E3CBAE02DDF37B279CD9LLQrvg7SwiftUI0B0PAFE11pickerStyleyQrqd__AF06PickerP0Rd__lFQOyAF0Q0VyAF4TextVAA0A4ModeOAF05TupleB0VyAhFE3tag_15includeOptionalQrqd___SbtSHRd__lFQOyAN_APQo__AUtGG_AF09SegmentedqP0VQo_yXEfU1_AVyXEfU_
FNDA:0,$s8MDEditor0A4ViewV14toolbarContent33_1E4BECBD83C5E3CBAE02DDF37B279CD9LLQrvg7SwiftUI05TupleB0VyAF0B0PAFE4helpyQrAF18LocalizedStringKeyVFQOyAF6ButtonVyAF5ImageVG_Qo__A2StGyXEfU2_
FNDA:0,$s8MDEditor0A4ViewV14toolbarContent33_1E4BECBD83C5E3CBAE02DDF37B279CD9LLQrvg7SwiftUI05TupleB0VyAF0B0PAFE4helpyQrAF18LocalizedStringKeyVFQOyAF6ButtonVyAF5ImageVG_Qo__A2StGyXEfU2_yyScMYccfU_
FNDA:0,$s8MDEditor0A4ViewV14toolbarContent33_1E4BECBD83C5E3CBAE02DDF37B279CD9LLQrvg7SwiftUI05TupleB0VyAF0B0PAFE4helpyQrAF18LocalizedStringKeyVFQOyAF6ButtonVyAF5ImageVG_Qo__A2StGyXEfU2_AQyXEfU0_
FNDA:0,$s8MDEditor0A4ViewV14toolbarContent33_1E4BECBD83C5E3CBAE02DDF37B279CD9LLQrvg7SwiftUI05TupleB0VyAF0B0PAFE4helpyQrAF18LocalizedStringKeyVFQOyAF6ButtonVyAF5ImageVG_Qo__A2StGyXEfU2_yyScMYccfU1_
FNDA:0,$s8MDEditor0A4ViewV14toolbarContent33_1E4BECBD83C5E3CBAE02DDF37B279CD9LLQrvg7SwiftUI05TupleB0VyAF0B0PAFE4helpyQrAF18LocalizedStringKeyVFQOyAF6ButtonVyAF5ImageVG_Qo__A2StGyXEfU2_AQyXEfU2_
FNDA:0,$s8MDEditor0A4ViewV14toolbarContent33_1E4BECBD83C5E3CBAE02DDF37B279CD9LLQrvg7SwiftUI05TupleB0VyAF0B0PAFE4helpyQrAF18LocalizedStringKeyVFQOyAF6ButtonVyAF5ImageVG_Qo__A2StGyXEfU2_yyScMYccfU3_
FNDA:0,$s8MDEditor0A4ViewV14toolbarContent33_1E4BECBD83C5E3CBAE02DDF37B279CD9LLQrvg7SwiftUI05TupleB0VyAF0B0PAFE4helpyQrAF18LocalizedStringKeyVFQOyAF6ButtonVyAF5ImageVG_Qo__A2StGyXEfU2_AQyXEfU4_
FNDA:0,$s8MDEditor0A4ViewV27toolbarItemPlacementLeading33_1E4BECBD83C5E3CBAE02DDF37B279CD9LL7SwiftUI07ToolbardE0Vvg
FNDA:0,$s8MDEditor0A4ViewV28toolbarItemPlacementTrailing33_1E4BECBD83C5E3CBAE02DDF37B279CD9LL7SwiftUI07ToolbardE0Vvg
FNDA:0,$s8MDEditor0A4ViewV13forceReRender33_1E4BECBD83C5E3CBAE02DDF37B279CD9LLyyF
FNDA:0,$s8MDEditor0A4ViewV30parseAndUpdateAttributedString33_1E4BECBD83C5E3CBAE02DDF37B279CD9LL8markdownySS_tF
FNDA:0,$s8MDEditor0A13View_PreviewsV8previewsQrvgZ
FNF:41
FNH:0
DA:44,0
DA:45,0
DA:46,0
DA:47,0
DA:48,0
DA:49,0
DA:50,0
DA:51,0
DA:53,0
DA:55,0
DA:59,0
DA:62,0
DA:64,0
DA:65,0
DA:66,0
DA:67,0
DA:68,0
DA:80,0
DA:82,0
DA:83,0
DA:84,0
DA:85,0
DA:86,0
DA:87,0
DA:88,0
DA:89,0
DA:90,0
DA:91,0
DA:92,0
DA:93,0
DA:94,0
DA:95,0
DA:96,0
DA:97,0
DA:98,0
DA:99,0
DA:100,0
DA:101,0
DA:102,0
DA:103,0
DA:104,0
DA:105,0
DA:106,0
DA:107,0
DA:108,0
DA:109,0
DA:110,0
DA:111,0
DA:112,0
DA:113,0
DA:114,0
DA:115,0
DA:116,0
DA:117,0
DA:118,0
DA:121,0
DA:122,0
DA:123,0
DA:124,0
DA:125,0
DA:126,0
DA:127,0
DA:129,0
DA:130,0
DA:131,0
DA:132,0
DA:134,0
DA:135,0
DA:136,0
DA:137,0
DA:138,0
DA:139,0
DA:140,0
DA:141,0
DA:142,0
DA:143,0
DA:144,0
DA:147,0
DA:148,0
DA:149,0
DA:150,0
DA:151,0
DA:152,0
DA:153,0
DA:154,0
DA:155,0
DA:156,0
DA:157,0
DA:158,0
DA:160,0
DA:164,0
DA:165,0
DA:166,0
DA:167,0
DA:168,0
DA:169,0
DA:170,0
DA:171,0
DA:172,0
DA:173,0
DA:174,0
DA:175,0
DA:176,0
DA:177,0
DA:178,0
DA:179,0
DA:180,0
DA:181,0
DA:182,0
DA:183,0
DA:184,0
DA:185,0
DA:186,0
DA:187,0
DA:188,0
DA:189,0
DA:190,0
DA:191,0
DA:192,0
DA:193,0
DA:194,0
DA:195,0
DA:196,0
DA:197,0
DA:198,0
DA:199,0
DA:200,0
DA:201,0
DA:202,0
DA:203,0
DA:204,0
DA:205,0
DA:206,0
DA:207,0
DA:211,0
DA:212,0
DA:213,0
DA:214,0
DA:215,0
DA:216,0
DA:217,0
DA:218,0
DA:219,0
DA:220,0
DA:221,0
DA:222,0
DA:223,0
DA:224,0
DA:225,0
DA:226,0
DA:227,0
DA:228,0
DA:229,0
DA:230,0
DA:231,0
DA:232,0
DA:233,0
DA:234,0
DA:235,0
DA:236,0
DA:237,0
DA:238,0
DA:239,0
DA:240,0
DA:241,0
DA:242,0
DA:243,0
DA:244,0
DA:245,0
DA:246,0
DA:247,0
DA:248,0
DA:249,0
DA:250,0
DA:251,0
DA:252,0
DA:253,0
DA:254,0
DA:255,0
DA:259,0
DA:261,0
DA:265,0
DA:267,0
DA:269,0
DA:273,0
DA:275,0
DA:276,0
DA:277,0
DA:278,0
DA:280,0
DA:281,0
DA:282,0
DA:283,0
DA:284,0
DA:286,0
DA:290,0
DA:291,0
DA:292,0
DA:293,0
DA:294,0
DA:295,0
DA:296,0
DA:297,0
DA:298,0
DA:299,0
DA:300,0
DA:301,0
DA:303,0
DA:307,0
DA:308,0
DA:309,0
DA:310,0
DA:311,0
DA:312,0
DA:322,0
DA:324,0
DA:325,0
DA:326,0
DA:327,0
DA:328,0
DA:329,0
DA:330,0
DA:331,0
DA:344,0
BRF:0
BRH:0
LF:372
LH:0
end_of_record
SF:/Users/drgo/local/code/MDEditor/Sources/MDEditor/MacOSPlatformActions.swift
FN:14,$s8MDEditor20MacOSPlatformActionsV11undoManagerACSo06NSUndoF0CSg_tcfC
FN:18,$s8MDEditor20MacOSPlatformActionsV7canUndoSbyF
FN:19,$s8MDEditor20MacOSPlatformActionsV7canUndoSbyFSbyKXEfu_
FN:22,$s8MDEditor20MacOSPlatformActionsV7canRedoSbyF
FN:23,$s8MDEditor20MacOSPlatformActionsV7canRedoSbyFSbyKXEfu_
FN:26,$s8MDEditor20MacOSPlatformActionsV4undoyyF
FN:27,$s8MDEditor20MacOSPlatformActionsV4undoyyFSbyKXEfu_
FN:34,$s8MDEditor20MacOSPlatformActionsV4redoyyF
FN:35,$s8MDEditor20MacOSPlatformActionsV4redoyyFSbyKXEfu_
FN:42,$s8MDEditor20MacOSPlatformActionsV7copyAll4textySS_tF
FN:56,$s8MDEditor19MacOSTextEditorViewV10makeNSView7contextSo08NSScrollE0C7SwiftUI0G20RepresentableContextVyACG_tF
FN:59,$s8MDEditor19MacOSTextEditorViewV10makeNSView7contextSo08NSScrollE0C7SwiftUI0G20RepresentableContextVyACG_tFSSyXEfu_
FN:70,$s8MDEditor19MacOSTextEditorViewV10makeNSView7contextSo08NSScrollE0C7SwiftUI0G20RepresentableContextVyACG_tFyyYbScMYccfU_
FN:79,$s8MDEditor19MacOSTextEditorViewV12updateNSView_7contextySo08NSScrollE0C_7SwiftUI0G20RepresentableContextVyACGtF
FN:99,$s8MDEditor19MacOSTextEditorViewV12updateNSView_7contextySo08NSScrollE0C_7SwiftUI0G20RepresentableContextVyACGtFyyYbScMYccfU_
FN:105,$s8MDEditor19MacOSTextEditorViewV18applyConfiguration33_26AE6745159A77233F1D8FC0946C6FFELL2to13configuration7contextySo06NSTextE0C_AA0aG0V7SwiftUI26NSViewRepresentableContextVyACGtF
FN:108,$s8MDEditor19MacOSTextEditorViewV18applyConfiguration33_26AE6745159A77233F1D8FC0946C6FFELL2to13configuration7contextySo06NSTextE0C_AA0aG0V7SwiftUI26NSViewRepresentableContextVyACGtFSo6NSFontCyKXEfu_
FN:117,$s8MDEditor19MacOSTextEditorViewV18applyConfiguration33_26AE6745159A77233F1D8FC0946C6FFELL2to13configuration7contextySo06NSTextE0C_AA0aG0V7SwiftUI26NSViewRepresentableContextVyACGtFSo23NSMutableParagraphStyleCyKXEfu0_
FN:139,$s8MDEditor19MacOSTextEditorViewV15makeCoordinatorAC0G0CyF
FN:148,$s8MDEditor19MacOSTextEditorViewV11CoordinatorCyAeCcfc
FN:153,$s8MDEditor19MacOSTextEditorViewV11CoordinatorC13textDidChangeyy10Foundation12NotificationVF
FN:160,$s8MDEditor19MacOSTextEditorViewV11CoordinatorC10changeFontyySo13NSFontManagerCSgF
FN:163,$s8MDEditor19MacOSTextEditorViewV11CoordinatorC10changeFontyySo13NSFontManagerCSgFSo0I0CyKXEfu_
FN:171,$s8MDEditor19MacOSTextEditorViewV11CoordinatorC10changeFontyySo13NSFontManagerCSgFSSyKXEfu0_
FNDA:0,$s8MDEditor20MacOSPlatformActionsV11undoManagerACSo06NSUndoF0CSg_tcfC
FNDA:0,$s8MDEditor20MacOSPlatformActionsV7canUndoSbyF
FNDA:0,$s8MDEditor20MacOSPlatformActionsV7canUndoSbyFSbyKXEfu_
FNDA:0,$s8MDEditor20MacOSPlatformActionsV7canRedoSbyF
FNDA:0,$s8MDEditor20MacOSPlatformActionsV7canRedoSbyFSbyKXEfu_
FNDA:0,$s8MDEditor20MacOSPlatformActionsV4undoyyF
FNDA:0,$s8MDEditor20MacOSPlatformActionsV4undoyyFSbyKXEfu_
FNDA:0,$s8MDEditor20MacOSPlatformActionsV4redoyyF
FNDA:0,$s8MDEditor20MacOSPlatformActionsV4redoyyFSbyKXEfu_
FNDA:0,$s8MDEditor20MacOSPlatformActionsV7copyAll4textySS_tF
FNDA:0,$s8MDEditor19MacOSTextEditorViewV10makeNSView7contextSo08NSScrollE0C7SwiftUI0G20RepresentableContextVyACG_tF
FNDA:0,$s8MDEditor19MacOSTextEditorViewV10makeNSView7contextSo08NSScrollE0C7SwiftUI0G20RepresentableContextVyACG_tFSSyXEfu_
FNDA:0,$s8MDEditor19MacOSTextEditorViewV10makeNSView7contextSo08NSScrollE0C7SwiftUI0G20RepresentableContextVyACG_tFyyYbScMYccfU_
FNDA:0,$s8MDEditor19MacOSTextEditorViewV12updateNSView_7contextySo08NSScrollE0C_7SwiftUI0G20RepresentableContextVyACGtF
FNDA:0,$s8MDEditor19MacOSTextEditorViewV12updateNSView_7contextySo08NSScrollE0C_7SwiftUI0G20RepresentableContextVyACGtFyyYbScMYccfU_
FNDA:0,$s8MDEditor19MacOSTextEditorViewV18applyConfiguration33_26AE6745159A77233F1D8FC0946C6FFELL2to13configuration7contextySo06NSTextE0C_AA0aG0V7SwiftUI26NSViewRepresentableContextVyACGtF
FNDA:0,$s8MDEditor19MacOSTextEditorViewV18applyConfiguration33_26AE6745159A77233F1D8FC0946C6FFELL2to13configuration7contextySo06NSTextE0C_AA0aG0V7SwiftUI26NSViewRepresentableContextVyACGtFSo6NSFontCyKXEfu_
FNDA:0,$s8MDEditor19MacOSTextEditorViewV18applyConfiguration33_26AE6745159A77233F1D8FC0946C6FFELL2to13configuration7contextySo06NSTextE0C_AA0aG0V7SwiftUI26NSViewRepresentableContextVyACGtFSo23NSMutableParagraphStyleCyKXEfu0_
FNDA:0,$s8MDEditor19MacOSTextEditorViewV15makeCoordinatorAC0G0CyF
FNDA:0,$s8MDEditor19MacOSTextEditorViewV11CoordinatorCyAeCcfc
FNDA:0,$s8MDEditor19MacOSTextEditorViewV11CoordinatorC13textDidChangeyy10Foundation12NotificationVF
FNDA:0,$s8MDEditor19MacOSTextEditorViewV11CoordinatorC10changeFontyySo13NSFontManagerCSgF
FNDA:0,$s8MDEditor19MacOSTextEditorViewV11CoordinatorC10changeFontyySo13NSFontManagerCSgFSo0I0CyKXEfu_
FNDA:0,$s8MDEditor19MacOSTextEditorViewV11CoordinatorC10changeFontyySo13NSFontManagerCSgFSSyKXEfu0_
FNF:24
FNH:0
DA:14,0
DA:15,0
DA:16,0
DA:18,0
DA:19,0
DA:20,0
DA:22,0
DA:23,0
DA:24,0
DA:26,0
DA:27,0
DA:28,0
DA:29,0
DA:30,0
DA:31,0
DA:32,0
DA:34,0
DA:35,0
DA:36,0
DA:37,0
DA:38,0
DA:39,0
DA:40,0
DA:42,0
DA:43,0
DA:44,0
DA:45,0
DA:46,0
DA:56,0
DA:57,0
DA:58,0
DA:59,0
DA:60,0
DA:61,0
DA:62,0
DA:63,0
DA:64,0
DA:65,0
DA:66,0
DA:67,0
DA:68,0
DA:69,0
DA:70,0
DA:71,0
DA:72,0
DA:73,0
DA:74,0
DA:75,0
DA:76,0
DA:77,0
DA:79,0
DA:80,0
DA:81,0
DA:82,0
DA:83,0
DA:84,0
DA:85,0
DA:86,0
DA:87,0
DA:88,0
DA:89,0
DA:90,0
DA:91,0
DA:92,0
DA:93,0
DA:94,0
DA:95,0
DA:96,0
DA:97,0
DA:98,0
DA:99,0
DA:100,0
DA:101,0
DA:102,0
DA:103,0
DA:105,0
DA:106,0
DA:107,0
DA:108,0
DA:109,0
DA:110,0
DA:111,0
DA:112,0
DA:113,0
DA:114,0
DA:115,0
DA:116,0
DA:117,0
DA:118,0
DA:119,0
DA:120,0
DA:121,0
DA:122,0
DA:123,0
DA:124,0
DA:125,0
DA:126,0
DA:127,0
DA:128,0
DA:129,0
DA:130,0
DA:131,0
DA:132,0
DA:133,0
DA:134,0
DA:135,0
DA:136,0
DA:137,0
DA:139,0
DA:140,0
DA:141,0
DA:148,0
DA:149,0
DA:150,0
DA:151,0
DA:153,0
DA:154,0
DA:155,0
DA:156,0
DA:157,0
DA:158,0
DA:160,0
DA:161,0
DA:162,0
DA:163,0
DA:164,0
DA:165,0
DA:166,0
DA:167,0
DA:168,0
DA:169,0
DA:170,0
DA:171,0
DA:172,0
BRF:0
BRH:0
LF:149
LH:0
end_of_record
SF:/Users/drgo/local/code/MDEditor/Sources/MDEditor/MarkdownContentRenderer.swift
FN:30,$s8MDEditor23MarkdownContentRendererV5themeAcA0A5ThemeV_tcfC
FN:34,$s8MDEditor23MarkdownContentRendererV5themeAcA0A5ThemeV_tcfc12CoreGraphics7CGFloatVyKXEfu_
FN:35,$s8MDEditor23MarkdownContentRendererV5themeAcA0A5ThemeV_tcfc12CoreGraphics7CGFloatVyKXEfu_AIyKXEfu0_
FN:38,$s8MDEditor23MarkdownContentRendererV5themeAcA0A5ThemeV_tcfcSSSgyKXEfu1_
FN:41,$s8MDEditor23MarkdownContentRendererV5themeAcA0A5ThemeV_tcfcSo7NSColorCyKXEfu2_
FN:42,$s8MDEditor23MarkdownContentRendererV5themeAcA0A5ThemeV_tcfcSo7NSColorCyKXEfu2_AHyKXEfu3_
FN:52,$s8MDEditor23MarkdownContentRendererV16attributedString4fromSo012NSAttributedF0C0B08DocumentV_tF
FN:58,$s8MDEditor23MarkdownContentRendererV12resolveStyle33_26C14FB5A0B6356F40D6884974C7BEFFLL3forAA0b7ElementF0VAA0bP3KeyO_tF
FN:59,$s8MDEditor23MarkdownContentRendererV12resolveStyle33_26C14FB5A0B6356F40D6884974C7BEFFLL3forAA0b7ElementF0VAA0bP3KeyO_tFAHyKXEfu_
FN:80,$s8MDEditor23MarkdownContentRendererV10attributes33_26C14FB5A0B6356F40D6884974C7BEFFLL3for14isNestedInList9listDepthSDySo21NSAttributedStringKeyaypGAA0b7ElementW0O_SbSitF
FN:85,$s8MDEditor23MarkdownContentRendererV10attributes33_26C14FB5A0B6356F40D6884974C7BEFFLL3for14isNestedInList9listDepthSDySo21NSAttributedStringKeyaypGAA0b7ElementW0O_SbSitF12CoreGraphics7CGFloatVyKXEfu_
FN:86,$s8MDEditor23MarkdownContentRendererV10attributes33_26C14FB5A0B6356F40D6884974C7BEFFLL3for14isNestedInList9listDepthSDySo21NSAttributedStringKeyaypGAA0b7ElementW0O_SbSitFSSSgyKXEfu0_
FN:99,$s8MDEditor23MarkdownContentRendererV10attributes33_26C14FB5A0B6356F40D6884974C7BEFFLL3for14isNestedInList9listDepthSDySo21NSAttributedStringKeyaypGAA0b7ElementW0O_SbSitFSo7NSColorCyKXEfu1_
FN:117,$s8MDEditor23MarkdownContentRendererV20createParagraphStyle33_26C14FB5A0B6356F40D6884974C7BEFFLL3for10elementKey14isNestedInList9listDepthSo09NSMutablefG0CAA0b7ElementG0V_AA0bzR0OSbSitF
FN:135,$s8MDEditor23MarkdownContentRendererV20createParagraphStyle33_26C14FB5A0B6356F40D6884974C7BEFFLL3for10elementKey14isNestedInList9listDepthSo09NSMutablefG0CAA0b7ElementG0V_AA0bzR0OSbSitF12CoreGraphics7CGFloatVyKXEfu_
FN:136,$s8MDEditor23MarkdownContentRendererV20createParagraphStyle33_26C14FB5A0B6356F40D6884974C7BEFFLL3for10elementKey14isNestedInList9listDepthSo09NSMutablefG0CAA0b7ElementG0V_AA0bzR0OSbSitF12CoreGraphics7CGFloatVyKXEfu0_
FN:140,$s8MDEditor23MarkdownContentRendererV20createParagraphStyle33_26C14FB5A0B6356F40D6884974C7BEFFLL3for10elementKey14isNestedInList9listDepthSo09NSMutablefG0CAA0b7ElementG0V_AA0bzR0OSbSitF12CoreGraphics7CGFloatVyKXEfu1_
FN:141,$s8MDEditor23MarkdownContentRendererV20createParagraphStyle33_26C14FB5A0B6356F40D6884974C7BEFFLL3for10elementKey14isNestedInList9listDepthSo09NSMutablefG0CAA0b7ElementG0V_AA0bzR0OSbSitF12CoreGraphics7CGFloatVyKXEfu2_
FN:143,$s8MDEditor23MarkdownContentRendererV20createParagraphStyle33_26C14FB5A0B6356F40D6884974C7BEFFLL3for10elementKey14isNestedInList9listDepthSo09NSMutablefG0CAA0b7ElementG0V_AA0bzR0OSbSitFSbyKXEfu3_
FN:145,$s8MDEditor23MarkdownContentRendererV20createParagraphStyle33_26C14FB5A0B6356F40D6884974C7BEFFLL3for10elementKey14isNestedInList9listDepthSo09NSMutablefG0CAA0b7ElementG0V_AA0bzR0OSbSitF12CoreGraphics7CGFloatVyKXEfu4_
FN:153,$s8MDEditor23MarkdownContentRendererV20createParagraphStyle33_26C14FB5A0B6356F40D6884974C7BEFFLL3for10elementKey14isNestedInList9listDepthSo09NSMutablefG0CAA0b7ElementG0V_AA0bzR0OSbSitF12CoreGraphics7CGFloatVyKXEfu5_
FN:160,$s8MDEditor23MarkdownContentRendererV13visitDocumentySo18NSAttributedStringC0B00F0VF
FN:175,$s8MDEditor23MarkdownContentRendererV13visitDocumentySo18NSAttributedStringC0B00F0VFSbyKXEfu_
FN:195,$s8MDEditor23MarkdownContentRendererV12defaultVisitySo18NSAttributedStringC0B06Markup_pF
FN:203,$s8MDEditor23MarkdownContentRendererV9visitTextySo18NSAttributedStringC0B00F0VF
FN:207,$s8MDEditor23MarkdownContentRendererV32visitBlockElementAndSetFullStyle33_26C14FB5A0B6356F40D6884974C7BEFFLL6markup3key14isNestedInList9listDepthSo18NSAttributedStringC0B06Markup_p_AA0bG3KeyOSbSitF
FN:220,$s8MDEditor23MarkdownContentRendererV32visitBlockElementAndSetFullStyle33_26C14FB5A0B6356F40D6884974C7BEFFLL6markup3key14isNestedInList9listDepthSo18NSAttributedStringC0B06Markup_p_AA0bG3KeyOSbSitFypyKXEfu_
FN:221,$s8MDEditor23MarkdownContentRendererV32visitBlockElementAndSetFullStyle33_26C14FB5A0B6356F40D6884974C7BEFFLL6markup3key14isNestedInList9listDepthSo18NSAttributedStringC0B06Markup_p_AA0bG3KeyOSbSitFypyKXEfu0_
FN:223,$s8MDEditor23MarkdownContentRendererV32visitBlockElementAndSetFullStyle33_26C14FB5A0B6356F40D6884974C7BEFFLL6markup3key14isNestedInList9listDepthSo18NSAttributedStringC0B06Markup_p_AA0bG3KeyOSbSitFySDySo21NSAttributedStringKeyaypG_So8_NSRangeVSpy10ObjectiveC8ObjCBoolVGtXEfU_
FN:239,$s8MDEditor23MarkdownContentRendererV38visitInlineElementAndAddSpecificStyles33_26C14FB5A0B6356F40D6884974C7BEFFLL6markup3keySo18NSAttributedStringC0B06Markup_p_AA0bG3KeyOtF
FN:253,$s8MDEditor23MarkdownContentRendererV38visitInlineElementAndAddSpecificStyles33_26C14FB5A0B6356F40D6884974C7BEFFLL6markup3keySo18NSAttributedStringC0B06Markup_p_AA0bG3KeyOtF12CoreGraphics7CGFloatVyKXEfu_
FN:266,$s8MDEditor23MarkdownContentRendererV38visitInlineElementAndAddSpecificStyles33_26C14FB5A0B6356F40D6884974C7BEFFLL6markup3keySo18NSAttributedStringC0B06Markup_p_AA0bG3KeyOtFSo7NSColorCyKXEfu0_
FN:281,$s8MDEditor23MarkdownContentRendererV14visitParagraphySo18NSAttributedStringC0B00F0VF
FN:285,$s8MDEditor23MarkdownContentRendererV12visitHeadingySo18NSAttributedStringC0B00F0VF
FN:294,$s8MDEditor23MarkdownContentRendererV13visitEmphasisySo18NSAttributedStringC0B00F0VF
FN:298,$s8MDEditor23MarkdownContentRendererV11visitStrongySo18NSAttributedStringC0B00F0VF
FN:302,$s8MDEditor23MarkdownContentRendererV18visitStrikethroughySo18NSAttributedStringC0B00F0VF
FN:306,$s8MDEditor23MarkdownContentRendererV9visitLinkySo18NSAttributedStringC0B00F0VF
FN:318,$s8MDEditor23MarkdownContentRendererV9visitLinkySo18NSAttributedStringC0B00F0VFSo7NSColorCyKXEfu_
FN:319,$s8MDEditor23MarkdownContentRendererV9visitLinkySo18NSAttributedStringC0B00F0VFSo7NSColorCyKXEfu_AKyKXEfu0_
FN:324,$s8MDEditor23MarkdownContentRendererV9visitLinkySo18NSAttributedStringC0B00F0VF12CoreGraphics7CGFloatVyKXEfu1_
FN:352,$s8MDEditor23MarkdownContentRendererV15visitInlineCodeySo18NSAttributedStringC0B00fG0VF
FN:358,$s8MDEditor23MarkdownContentRendererV14visitCodeBlockySo18NSAttributedStringC0B00fG0VF
FN:365,$s8MDEditor23MarkdownContentRendererV15visitBlockQuoteySo18NSAttributedStringC0B00fG0VF
FN:369,$s8MDEditor23MarkdownContentRendererV18visitUnorderedListySo18NSAttributedStringC0B00fG0VF
FN:374,$s8MDEditor23MarkdownContentRendererV16visitOrderedListySo18NSAttributedStringC0B00fG0VF
FN:379,$s8MDEditor23MarkdownContentRendererV9visitList33_26C14FB5A0B6356F40D6884974C7BEFFLL04listC012markerFormat0O5Depth9isOrderedSo18NSAttributedStringC0B06Markup_p_SSSiSbtF
FN:394,$s8MDEditor23MarkdownContentRendererV9visitList33_26C14FB5A0B6356F40D6884974C7BEFFLL04listC012markerFormat0O5Depth9isOrderedSo18NSAttributedStringC0B06Markup_p_SSSiSbtFSSSgyKXEfu_
FN:395,$s8MDEditor23MarkdownContentRendererV9visitList33_26C14FB5A0B6356F40D6884974C7BEFFLL04listC012markerFormat0O5Depth9isOrderedSo18NSAttributedStringC0B06Markup_p_SSSiSbtF12CoreGraphics7CGFloatVyKXEfu0_
FN:396,$s8MDEditor23MarkdownContentRendererV9visitList33_26C14FB5A0B6356F40D6884974C7BEFFLL04listC012markerFormat0O5Depth9isOrderedSo18NSAttributedStringC0B06Markup_p_SSSiSbtFSo7NSColorCyKXEfu1_
FN:438,$s8MDEditor23MarkdownContentRendererV13visitListItemySo18NSAttributedStringC0B00fG0VF
FN:447,$s8MDEditor23MarkdownContentRendererV13visitListItemySo18NSAttributedStringC0B00fG0VFSbyKXEfu_
FN:454,$s8MDEditor23MarkdownContentRendererV18visitThematicBreakySo18NSAttributedStringC0B00fG0VF
FN:461,$s8MDEditor23MarkdownContentRendererV18visitThematicBreakySo18NSAttributedStringC0B00fG0VFypyKXEfu_
FN:465,$s8MDEditor23MarkdownContentRendererV18visitThematicBreakySo18NSAttributedStringC0B00fG0VFypyKXEfu0_
FN:469,$s8MDEditor23MarkdownContentRendererV14visitHTMLBlockySo18NSAttributedStringC0B00F0VF
FN:474,$s8MDEditor23MarkdownContentRendererV15visitInlineHTMLySo18NSAttributedStringC0B00fG0VF
FN:479,$s8MDEditor23MarkdownContentRendererV10visitTableySo18NSAttributedStringC0B00F0VF
FN:504,$s8MDEditor23MarkdownContentRendererV14visitTableHeadySo18NSAttributedStringC0B00F0V0G0VF
FN:505,$s8MDEditor23MarkdownContentRendererV14visitTableBodyySo18NSAttributedStringC0B00F0V0G0VF
FN:506,$s8MDEditor23MarkdownContentRendererV13visitTableRowySo18NSAttributedStringC0B00F0V0G0VF
FN:507,$s8MDEditor23MarkdownContentRendererV14visitTableCellySo18NSAttributedStringC0B00F0V0G0VF
FN:509,$s8MDEditor23MarkdownContentRendererV10visitImageySo18NSAttributedStringC0B00F0VF
FN:515,$s8MDEditor23MarkdownContentRendererV10visitImageySo18NSAttributedStringC0B00F0VFSo7NSColorCyKXEfu_
FN:515,$s8MDEditor23MarkdownContentRendererV10visitImageySo18NSAttributedStringC0B00F0VFSo7NSColorCyKXEfu_AKyKXEfu0_
FN:527,$s8MDEditor23MarkdownContentRendererV10visitImageySo18NSAttributedStringC0B00F0VFSSyKXEfu1_
FN:534,$s8MDEditor23MarkdownContentRendererV10visitImageySo18NSAttributedStringC0B00F0VFSbyKXEfu2_
FN:544,$sSo6NSFontC8MDEditorE6create4name4sizeABSSSg_12CoreGraphics7CGFloatVtFZ
FN:553,$sSo7NSColorC8MDEditorE24platformDefaultTextColorABvgZ
FN:563,$sSo7NSColorC8MDEditorE15rgbaDescriptionSSvg
FNDA:21,$s8MDEditor23MarkdownContentRendererV5themeAcA0A5ThemeV_tcfC
FNDA:1,$s8MDEditor23MarkdownContentRendererV5themeAcA0A5ThemeV_tcfc12CoreGraphics7CGFloatVyKXEfu_
FNDA:0,$s8MDEditor23MarkdownContentRendererV5themeAcA0A5ThemeV_tcfc12CoreGraphics7CGFloatVyKXEfu_AIyKXEfu0_
FNDA:20,$s8MDEditor23MarkdownContentRendererV5themeAcA0A5ThemeV_tcfcSSSgyKXEfu1_
FNDA:2,$s8MDEditor23MarkdownContentRendererV5themeAcA0A5ThemeV_tcfcSo7NSColorCyKXEfu2_
FNDA:0,$s8MDEditor23MarkdownContentRendererV5themeAcA0A5ThemeV_tcfcSo7NSColorCyKXEfu2_AHyKXEfu3_
FNDA:21,$s8MDEditor23MarkdownContentRendererV16attributedString4fromSo012NSAttributedF0C0B08DocumentV_tF
FNDA:45,$s8MDEditor23MarkdownContentRendererV12resolveStyle33_26C14FB5A0B6356F40D6884974C7BEFFLL3forAA0b7ElementF0VAA0bP3KeyO_tF
FNDA:0,$s8MDEditor23MarkdownContentRendererV12resolveStyle33_26C14FB5A0B6356F40D6884974C7BEFFLL3forAA0b7ElementF0VAA0bP3KeyO_tFAHyKXEfu_
FNDA:30,$s8MDEditor23MarkdownContentRendererV10attributes33_26C14FB5A0B6356F40D6884974C7BEFFLL3for14isNestedInList9listDepthSDySo21NSAttributedStringKeyaypGAA0b7ElementW0O_SbSitF
FNDA:17,$s8MDEditor23MarkdownContentRendererV10attributes33_26C14FB5A0B6356F40D6884974C7BEFFLL3for14isNestedInList9listDepthSDySo21NSAttributedStringKeyaypGAA0b7ElementW0O_SbSitF12CoreGraphics7CGFloatVyKXEfu_
FNDA:24,$s8MDEditor23MarkdownContentRendererV10attributes33_26C14FB5A0B6356F40D6884974C7BEFFLL3for14isNestedInList9listDepthSDySo21NSAttributedStringKeyaypGAA0b7ElementW0O_SbSitFSSSgyKXEfu0_
FNDA:23,$s8MDEditor23MarkdownContentRendererV10attributes33_26C14FB5A0B6356F40D6884974C7BEFFLL3for14isNestedInList9listDepthSDySo21NSAttributedStringKeyaypGAA0b7ElementW0O_SbSitFSo7NSColorCyKXEfu1_
FNDA:34,$s8MDEditor23MarkdownContentRendererV20createParagraphStyle33_26C14FB5A0B6356F40D6884974C7BEFFLL3for10elementKey14isNestedInList9listDepthSo09NSMutablefG0CAA0b7ElementG0V_AA0bzR0OSbSitF
FNDA:0,$s8MDEditor23MarkdownContentRendererV20createParagraphStyle33_26C14FB5A0B6356F40D6884974C7BEFFLL3for10elementKey14isNestedInList9listDepthSo09NSMutablefG0CAA0b7ElementG0V_AA0bzR0OSbSitF12CoreGraphics7CGFloatVyKXEfu_
FNDA:0,$s8MDEditor23MarkdownContentRendererV20createParagraphStyle33_26C14FB5A0B6356F40D6884974C7BEFFLL3for10elementKey14isNestedInList9listDepthSo09NSMutablefG0CAA0b7ElementG0V_AA0bzR0OSbSitF12CoreGraphics7CGFloatVyKXEfu0_
FNDA:34,$s8MDEditor23MarkdownContentRendererV20createParagraphStyle33_26C14FB5A0B6356F40D6884974C7BEFFLL3for10elementKey14isNestedInList9listDepthSo09NSMutablefG0CAA0b7ElementG0V_AA0bzR0OSbSitF12CoreGraphics7CGFloatVyKXEfu1_
FNDA:34,$s8MDEditor23MarkdownContentRendererV20createParagraphStyle33_26C14FB5A0B6356F40D6884974C7BEFFLL3for10elementKey14isNestedInList9listDepthSo09NSMutablefG0CAA0b7ElementG0V_AA0bzR0OSbSitF12CoreGraphics7CGFloatVyKXEfu2_
FNDA:32,$s8MDEditor23MarkdownContentRendererV20createParagraphStyle33_26C14FB5A0B6356F40D6884974C7BEFFLL3for10elementKey14isNestedInList9listDepthSo09NSMutablefG0CAA0b7ElementG0V_AA0bzR0OSbSitFSbyKXEfu3_
FNDA:5,$s8MDEditor23MarkdownContentRendererV20createParagraphStyle33_26C14FB5A0B6356F40D6884974C7BEFFLL3for10elementKey14isNestedInList9listDepthSo09NSMutablefG0CAA0b7ElementG0V_AA0bzR0OSbSitF12CoreGraphics7CGFloatVyKXEfu4_
FNDA:35,$s8MDEditor23MarkdownContentRendererV20createParagraphStyle33_26C14FB5A0B6356F40D6884974C7BEFFLL3for10elementKey14isNestedInList9listDepthSo09NSMutablefG0CAA0b7ElementG0V_AA0bzR0OSbSitF12CoreGraphics7CGFloatVyKXEfu5_
FNDA:21,$s8MDEditor23MarkdownContentRendererV13visitDocumentySo18NSAttributedStringC0B00F0VF
FNDA:1,$s8MDEditor23MarkdownContentRendererV13visitDocumentySo18NSAttributedStringC0B00F0VFSbyKXEfu_
FNDA:0,$s8MDEditor23MarkdownContentRendererV12defaultVisitySo18NSAttributedStringC0B06Markup_pF
FNDA:29,$s8MDEditor23MarkdownContentRendererV9visitTextySo18NSAttributedStringC0B00F0VF
FNDA:24,$s8MDEditor23MarkdownContentRendererV32visitBlockElementAndSetFullStyle33_26C14FB5A0B6356F40D6884974C7BEFFLL6markup3key14isNestedInList9listDepthSo18NSAttributedStringC0B06Markup_p_AA0bG3KeyOSbSitF
FNDA:0,$s8MDEditor23MarkdownContentRendererV32visitBlockElementAndSetFullStyle33_26C14FB5A0B6356F40D6884974C7BEFFLL6markup3key14isNestedInList9listDepthSo18NSAttributedStringC0B06Markup_p_AA0bG3KeyOSbSitFypyKXEfu_
FNDA:0,$s8MDEditor23MarkdownContentRendererV32visitBlockElementAndSetFullStyle33_26C14FB5A0B6356F40D6884974C7BEFFLL6markup3key14isNestedInList9listDepthSo18NSAttributedStringC0B06Markup_p_AA0bG3KeyOSbSitFypyKXEfu0_
FNDA:35,$s8MDEditor23MarkdownContentRendererV32visitBlockElementAndSetFullStyle33_26C14FB5A0B6356F40D6884974C7BEFFLL6markup3key14isNestedInList9listDepthSo18NSAttributedStringC0B06Markup_p_AA0bG3KeyOSbSitFySDySo21NSAttributedStringKeyaypG_So8_NSRangeVSpy10ObjectiveC8ObjCBoolVGtXEfU_
FNDA:3,$s8MDEditor23MarkdownContentRendererV38visitInlineElementAndAddSpecificStyles33_26C14FB5A0B6356F40D6884974C7BEFFLL6markup3keySo18NSAttributedStringC0B06Markup_p_AA0bG3KeyOtF
FNDA:0,$s8MDEditor23MarkdownContentRendererV38visitInlineElementAndAddSpecificStyles33_26C14FB5A0B6356F40D6884974C7BEFFLL6markup3keySo18NSAttributedStringC0B06Markup_p_AA0bG3KeyOtF12CoreGraphics7CGFloatVyKXEfu_
FNDA:3,$s8MDEditor23MarkdownContentRendererV38visitInlineElementAndAddSpecificStyles33_26C14FB5A0B6356F40D6884974C7BEFFLL6markup3keySo18NSAttributedStringC0B06Markup_p_AA0bG3KeyOtFSo7NSColorCyKXEfu0_
FNDA:15,$s8MDEditor23MarkdownContentRendererV14visitParagraphySo18NSAttributedStringC0B00F0VF
FNDA:8,$s8MDEditor23MarkdownContentRendererV12visitHeadingySo18NSAttributedStringC0B00F0VF
FNDA:1,$s8MDEditor23MarkdownContentRendererV13visitEmphasisySo18NSAttributedStringC0B00F0VF
FNDA:1,$s8MDEditor23MarkdownContentRendererV11visitStrongySo18NSAttributedStringC0B00F0VF
FNDA:1,$s8MDEditor23MarkdownContentRendererV18visitStrikethroughySo18NSAttributedStringC0B00F0VF
FNDA:2,$s8MDEditor23MarkdownContentRendererV9visitLinkySo18NSAttributedStringC0B00F0VF
FNDA:0,$s8MDEditor23MarkdownContentRendererV9visitLinkySo18NSAttributedStringC0B00F0VFSo7NSColorCyKXEfu_
FNDA:0,$s8MDEditor23MarkdownContentRendererV9visitLinkySo18NSAttributedStringC0B00F0VFSo7NSColorCyKXEfu_AKyKXEfu0_
FNDA:0,$s8MDEditor23MarkdownContentRendererV9visitLinkySo18NSAttributedStringC0B00F0VF12CoreGraphics7CGFloatVyKXEfu1_
FNDA:4,$s8MDEditor23MarkdownContentRendererV15visitInlineCodeySo18NSAttributedStringC0B00fG0VF
FNDA:0,$s8MDEditor23MarkdownContentRendererV14visitCodeBlockySo18NSAttributedStringC0B00fG0VF
FNDA:1,$s8MDEditor23MarkdownContentRendererV15visitBlockQuoteySo18NSAttributedStringC0B00fG0VF
FNDA:2,$s8MDEditor23MarkdownContentRendererV18visitUnorderedListySo18NSAttributedStringC0B00fG0VF
FNDA:0,$s8MDEditor23MarkdownContentRendererV16visitOrderedListySo18NSAttributedStringC0B00fG0VF
FNDA:2,$s8MDEditor23MarkdownContentRendererV9visitList33_26C14FB5A0B6356F40D6884974C7BEFFLL04listC012markerFormat0O5Depth9isOrderedSo18NSAttributedStringC0B06Markup_p_SSSiSbtF
FNDA:3,$s8MDEditor23MarkdownContentRendererV9visitList33_26C14FB5A0B6356F40D6884974C7BEFFLL04listC012markerFormat0O5Depth9isOrderedSo18NSAttributedStringC0B06Markup_p_SSSiSbtFSSSgyKXEfu_
FNDA:3,$s8MDEditor23MarkdownContentRendererV9visitList33_26C14FB5A0B6356F40D6884974C7BEFFLL04listC012markerFormat0O5Depth9isOrderedSo18NSAttributedStringC0B06Markup_p_SSSiSbtF12CoreGraphics7CGFloatVyKXEfu0_
FNDA:3,$s8MDEditor23MarkdownContentRendererV9visitList33_26C14FB5A0B6356F40D6884974C7BEFFLL04listC012markerFormat0O5Depth9isOrderedSo18NSAttributedStringC0B06Markup_p_SSSiSbtFSo7NSColorCyKXEfu1_
FNDA:3,$s8MDEditor23MarkdownContentRendererV13visitListItemySo18NSAttributedStringC0B00fG0VF
FNDA:2,$s8MDEditor23MarkdownContentRendererV13visitListItemySo18NSAttributedStringC0B00fG0VFSbyKXEfu_
FNDA:1,$s8MDEditor23MarkdownContentRendererV18visitThematicBreakySo18NSAttributedStringC0B00fG0VF
FNDA:0,$s8MDEditor23MarkdownContentRendererV18visitThematicBreakySo18NSAttributedStringC0B00fG0VFypyKXEfu_
FNDA:0,$s8MDEditor23MarkdownContentRendererV18visitThematicBreakySo18NSAttributedStringC0B00fG0VFypyKXEfu0_
FNDA:0,$s8MDEditor23MarkdownContentRendererV14visitHTMLBlockySo18NSAttributedStringC0B00F0VF
FNDA:2,$s8MDEditor23MarkdownContentRendererV15visitInlineHTMLySo18NSAttributedStringC0B00fG0VF
FNDA:0,$s8MDEditor23MarkdownContentRendererV10visitTableySo18NSAttributedStringC0B00F0VF
FNDA:0,$s8MDEditor23MarkdownContentRendererV14visitTableHeadySo18NSAttributedStringC0B00F0V0G0VF
FNDA:0,$s8MDEditor23MarkdownContentRendererV14visitTableBodyySo18NSAttributedStringC0B00F0V0G0VF
FNDA:0,$s8MDEditor23MarkdownContentRendererV13visitTableRowySo18NSAttributedStringC0B00F0V0G0VF
FNDA:0,$s8MDEditor23MarkdownContentRendererV14visitTableCellySo18NSAttributedStringC0B00F0V0G0VF
FNDA:1,$s8MDEditor23MarkdownContentRendererV10visitImageySo18NSAttributedStringC0B00F0VF
FNDA:0,$s8MDEditor23MarkdownContentRendererV10visitImageySo18NSAttributedStringC0B00F0VFSo7NSColorCyKXEfu_
FNDA:0,$s8MDEditor23MarkdownContentRendererV10visitImageySo18NSAttributedStringC0B00F0VFSo7NSColorCyKXEfu_AKyKXEfu0_
FNDA:0,$s8MDEditor23MarkdownContentRendererV10visitImageySo18NSAttributedStringC0B00F0VFSSyKXEfu1_
FNDA:1,$s8MDEditor23MarkdownContentRendererV10visitImageySo18NSAttributedStringC0B00F0VFSbyKXEfu2_
FNDA:41,$sSo6NSFontC8MDEditorE6create4name4sizeABSSSg_12CoreGraphics7CGFloatVtFZ
FNDA:0,$sSo7NSColorC8MDEditorE24platformDefaultTextColorABvgZ
FNDA:0,$sSo7NSColorC8MDEditorE15rgbaDescriptionSSvg
FNF:70
FNH:43
DA:30,21
DA:31,21
DA:32,21
DA:33,21
DA:34,21
DA:35,1
DA:36,21
DA:37,21
DA:38,21
DA:39,21
DA:40,21
DA:41,21
DA:42,2
DA:43,21
DA:44,21
DA:45,21
DA:46,0
DA:47,21
DA:48,21
DA:49,21
DA:50,21
DA:52,21
DA:53,21
DA:54,21
DA:55,21
DA:58,45
DA:59,45
DA:60,45
DA:61,45
DA:62,35
DA:63,35
DA:64,45
DA:65,45
DA:66,43
DA:67,43
DA:68,45
DA:69,45
DA:70,33
DA:71,33
DA:72,45
DA:73,45
DA:80,30
DA:81,30
DA:82,30
DA:83,30
DA:84,30
DA:85,30
DA:86,30
DA:87,30
DA:88,30
DA:89,30
DA:90,30
DA:91,30
DA:92,30
DA:93,30
DA:94,9
DA:95,9
DA:96,30
DA:97,30
DA:98,30
DA:99,30
DA:100,30
DA:101,30
DA:102,30
DA:103,4
DA:104,4
DA:105,30
DA:106,30
DA:107,30
DA:108,30
DA:109,30
DA:110,30
DA:111,30
DA:112,30
DA:113,30
DA:114,30
DA:115,30
DA:117,34
DA:118,34
DA:119,34
DA:120,34
DA:122,34
DA:123,34
DA:125,34
DA:126,34
DA:127,34
DA:128,34
DA:129,34
DA:130,34
DA:131,34
DA:132,34
DA:133,34
DA:134,34
DA:135,34
DA:136,34
DA:137,34
DA:138,35
DA:139,34
DA:140,34
DA:141,34
DA:142,34
DA:143,34
DA:144,5
DA:145,5
DA:146,5
DA:147,5
DA:148,5
DA:149,5
DA:150,34
DA:151,34
DA:152,34
DA:153,35
DA:154,34
DA:155,34
DA:156,34
DA:160,21
DA:161,21
DA:162,21
DA:163,21
DA:164,21
DA:165,21
DA:166,21
DA:167,21
DA:168,21
DA:169,21
DA:170,21
DA:171,21
DA:172,1
DA:173,1
DA:174,1
DA:175,1
DA:176,1
DA:177,1
DA:178,1
DA:179,1
DA:180,1
DA:181,1
DA:182,0
DA:183,0
DA:184,0
DA:185,0
DA:186,0
DA:187,0
DA:188,0
DA:189,0
DA:190,1
DA:191,21
DA:192,21
DA:193,21
DA:195,0
DA:196,0
DA:197,0
DA:198,0
DA:199,0
DA:200,0
DA:201,0
DA:203,29
DA:204,29
DA:205,29
DA:207,24
DA:208,24
DA:209,35
DA:210,35
DA:211,35
DA:212,24
DA:213,24
DA:214,24
DA:215,24
DA:216,24
DA:217,24
DA:218,24
DA:219,24
DA:220,24
DA:221,24
DA:222,24
DA:223,35
DA:224,35
DA:225,35
DA:226,24
DA:227,24
DA:228,35
DA:229,24
DA:230,24
DA:231,35
DA:232,24
DA:233,24
DA:234,35
DA:235,24
DA:236,24
DA:237,24
DA:239,3
DA:240,3
DA:241,3
DA:242,3
DA:243,3
DA:244,3
DA:245,3
DA:246,3
DA:247,3
DA:248,3
DA:249,3
DA:250,3
DA:251,3
DA:252,3
DA:253,0
DA:254,0
DA:255,0
DA:256,0
DA:257,3
DA:258,3
DA:259,3
DA:260,3
DA:261,3
DA:262,2
DA:263,2
DA:264,3
DA:265,3
DA:266,3
DA:267,3
DA:268,3
DA:269,0
DA:270,0
DA:271,3
DA:272,3
DA:273,3
DA:274,3
DA:275,3
DA:276,3
DA:277,3
DA:278,3
DA:279,3
DA:281,15
DA:282,15
DA:283,15
DA:285,8
DA:286,8
DA:287,8
DA:288,8
DA:289,8
DA:290,8
DA:291,8
DA:292,8
DA:294,1
DA:295,1
DA:296,1
DA:298,1
DA:299,1
DA:300,1
DA:302,1
DA:303,1
DA:304,1
DA:306,2
DA:307,2
DA:308,2
DA:309,2
DA:310,2
DA:311,2
DA:312,2
DA:313,2
DA:314,2
DA:315,2
DA:316,2
DA:317,2
DA:318,2
DA:319,0
DA:320,2
DA:321,2
DA:322,2
DA:323,2
DA:324,0
DA:325,0
DA:326,0
DA:327,0
DA:328,2
DA:329,2
DA:330,2
DA:331,2
DA:332,2
DA:333,0
DA:334,0
DA:335,2
DA:336,2
DA:337,2
DA:338,2
DA:339,2
DA:340,2
DA:341,2
DA:342,2
DA:343,2
DA:344,2
DA:345,2
DA:346,2
DA:347,2
DA:348,2
DA:349,2
DA:350,2
DA:352,4
DA:353,4
DA:354,4
DA:355,4
DA:356,4
DA:358,0
DA:359,0
DA:360,0
DA:361,0
DA:362,0
DA:363,0
DA:365,1
DA:366,1
DA:367,1
DA:369,2
DA:370,2
DA:371,2
DA:372,2
DA:374,0
DA:375,0
DA:376,0
DA:377,0
DA:379,2
DA:380,2
DA:381,2
DA:382,2
DA:383,2
DA:384,2
DA:385,2
DA:386,2
DA:387,2
DA:388,2
DA:389,3
DA:390,3
DA:391,3
DA:392,3
DA:393,3
DA:394,3
DA:395,3
DA:396,3
DA:397,3
DA:398,3
DA:399,3
DA:400,3
DA:401,3
DA:402,3
DA:403,3
DA:404,3
DA:405,3
DA:406,3
DA:407,3
DA:408,3
DA:409,3
DA:410,3
DA:411,3
DA:412,3
DA:413,3
DA:414,3
DA:415,3
DA:416,3
DA:417,1
DA:418,1
DA:419,1
DA:420,1
DA:421,1
DA:422,3
DA:423,2
DA:424,2
DA:425,2
DA:426,2
DA:427,2
DA:428,2
DA:429,2
DA:430,2
DA:431,2
DA:432,2
DA:433,2
DA:434,2
DA:435,2
DA:436,2
DA:438,3
DA:439,3
DA:440,3
DA:441,3
DA:442,4
DA:443,4
DA:444,4
DA:445,4
DA:446,4
DA:447,4
DA:448,1
DA:449,1
DA:450,4
DA:451,3
DA:452,3
DA:454,1
DA:455,1
DA:456,1
DA:457,1
DA:458,1
DA:459,1
DA:460,1
DA:461,1
DA:462,1
DA:463,1
DA:464,1
DA:465,1
DA:466,1
DA:467,1
DA:469,0
DA:470,0
DA:471,0
DA:472,0
DA:474,2
DA:475,2
DA:476,2
DA:477,2
DA:479,0
DA:480,0
DA:481,0
DA:482,0
DA:483,0
DA:484,0
DA:485,0
DA:486,0
DA:487,0
DA:488,0
DA:489,0
DA:490,0
DA:491,0
DA:492,0
DA:493,0
DA:494,0
DA:495,0
DA:496,0
DA:497,0
DA:498,0
DA:499,0
DA:500,0
DA:501,0
DA:502,0
DA:504,0
DA:505,0
DA:506,0
DA:507,0
DA:509,1
DA:510,1
DA:511,1
DA:512,1
DA:513,0
DA:514,0
DA:515,0
DA:516,0
DA:517,1
DA:518,1
DA:519,1
DA:520,1
DA:521,1
DA:522,0
DA:523,0
DA:524,1
DA:525,1
DA:526,1
DA:527,1
DA:528,1
DA:529,1
DA:530,1
DA:531,1
DA:532,1
DA:533,1
DA:534,1
DA:535,1
DA:536,1
DA:537,1
DA:538,1
DA:539,1
DA:544,41
DA:545,41
DA:546,7
DA:547,34
DA:548,34
DA:549,41
DA:553,0
DA:557,0
DA:561,0
DA:563,0
DA:564,0
DA:568,0
DA:569,0
DA:570,0
DA:571,0
DA:572,0
DA:574,0
DA:575,0
BRF:0
BRH:0
LF:539
LH:434
end_of_record
SF:/Users/drgo/local/code/MDEditor/Sources/MDEditor/MarkdownElementStyle.swift
FN:53,$s8MDEditor20MarkdownElementStyleV8fontName0E4Size6isBold0H6Italic15foregroundColor010backgroundL013strikethrough9underline22paragraphSpacingBefore0pQ5After20lineHeightMultiplier19firstLineHeadIndent04headZ004tailZ07kerning9alignmentACSSSg_12CoreGraphics7CGFloatVSgSbSgAyA03HexL0VSgA0_A2y7xTtcfC
FN:72,$s8MDEditor20MarkdownElementStyleV7merging4overA2C_tF
FN:74,$s8MDEditor20MarkdownElementStyleV7merging4overA2C_tFSSSgyKXEfu_
FN:75,$s8MDEditor20MarkdownElementStyleV7merging4overA2C_tF12CoreGraphics7CGFloatVSgyKXEfu0_
FN:76,$s8MDEditor20MarkdownElementStyleV7merging4overA2C_tFSbSgyKXEfu1_
FN:77,$s8MDEditor20MarkdownElementStyleV7merging4overA2C_tFSbSgyKXEfu2_
FN:78,$s8MDEditor20MarkdownElementStyleV7merging4overA2C_tFAA8HexColorVSgyKXEfu3_
FN:79,$s8MDEditor20MarkdownElementStyleV7merging4overA2C_tFAA8HexColorVSgyKXEfu4_
FN:80,$s8MDEditor20MarkdownElementStyleV7merging4overA2C_tFSbSgyKXEfu5_
FN:81,$s8MDEditor20MarkdownElementStyleV7merging4overA2C_tFSbSgyKXEfu6_
FN:82,$s8MDEditor20MarkdownElementStyleV7merging4overA2C_tF12CoreGraphics7CGFloatVSgyKXEfu7_
FN:83,$s8MDEditor20MarkdownElementStyleV7merging4overA2C_tF12CoreGraphics7CGFloatVSgyKXEfu8_
FN:84,$s8MDEditor20MarkdownElementStyleV7merging4overA2C_tF12CoreGraphics7CGFloatVSgyKXEfu9_
FN:85,$s8MDEditor20MarkdownElementStyleV7merging4overA2C_tF12CoreGraphics7CGFloatVSgyKXEfu10_
FN:86,$s8MDEditor20MarkdownElementStyleV7merging4overA2C_tF12CoreGraphics7CGFloatVSgyKXEfu11_
FN:87,$s8MDEditor20MarkdownElementStyleV7merging4overA2C_tF12CoreGraphics7CGFloatVSgyKXEfu12_
FN:88,$s8MDEditor20MarkdownElementStyleV7merging4overA2C_tF12CoreGraphics7CGFloatVSgyKXEfu13_
FN:89,$s8MDEditor20MarkdownElementStyleV7merging4overA2C_tFSSSgyKXEfu14_
FNDA:132,$s8MDEditor20MarkdownElementStyleV8fontName0E4Size6isBold0H6Italic15foregroundColor010backgroundL013strikethrough9underline22paragraphSpacingBefore0pQ5After20lineHeightMultiplier19firstLineHeadIndent04headZ004tailZ07kerning9alignmentACSSSg_12CoreGraphics7CGFloatVSgSbSgAyA03HexL0VSgA0_A2y7xTtcfC
FNDA:112,$s8MDEditor20MarkdownElementStyleV7merging4overA2C_tF
FNDA:102,$s8MDEditor20MarkdownElementStyleV7merging4overA2C_tFSSSgyKXEfu_
FNDA:86,$s8MDEditor20MarkdownElementStyleV7merging4overA2C_tF12CoreGraphics7CGFloatVSgyKXEfu0_
FNDA:51,$s8MDEditor20MarkdownElementStyleV7merging4overA2C_tFSbSgyKXEfu1_
FNDA:58,$s8MDEditor20MarkdownElementStyleV7merging4overA2C_tFSbSgyKXEfu2_
FNDA:95,$s8MDEditor20MarkdownElementStyleV7merging4overA2C_tFAA8HexColorVSgyKXEfu3_
FNDA:104,$s8MDEditor20MarkdownElementStyleV7merging4overA2C_tFAA8HexColorVSgyKXEfu4_
FNDA:110,$s8MDEditor20MarkdownElementStyleV7merging4overA2C_tFSbSgyKXEfu5_
FNDA:112,$s8MDEditor20MarkdownElementStyleV7merging4overA2C_tFSbSgyKXEfu6_
FNDA:66,$s8MDEditor20MarkdownElementStyleV7merging4overA2C_tF12CoreGraphics7CGFloatVSgyKXEfu7_
FNDA:66,$s8MDEditor20MarkdownElementStyleV7merging4overA2C_tF12CoreGraphics7CGFloatVSgyKXEfu8_
FNDA:70,$s8MDEditor20MarkdownElementStyleV7merging4overA2C_tF12CoreGraphics7CGFloatVSgyKXEfu9_
FNDA:110,$s8MDEditor20MarkdownElementStyleV7merging4overA2C_tF12CoreGraphics7CGFloatVSgyKXEfu10_
FNDA:110,$s8MDEditor20MarkdownElementStyleV7merging4overA2C_tF12CoreGraphics7CGFloatVSgyKXEfu11_
FNDA:112,$s8MDEditor20MarkdownElementStyleV7merging4overA2C_tF12CoreGraphics7CGFloatVSgyKXEfu12_
FNDA:112,$s8MDEditor20MarkdownElementStyleV7merging4overA2C_tF12CoreGraphics7CGFloatVSgyKXEfu13_
FNDA:70,$s8MDEditor20MarkdownElementStyleV7merging4overA2C_tFSSSgyKXEfu14_
FNF:18
FNH:18
DA:53,132
DA:54,132
DA:55,132
DA:56,132
DA:57,132
DA:58,132
DA:59,132
DA:60,132
DA:61,132
DA:62,132
DA:63,132
DA:64,132
DA:65,132
DA:66,132
DA:67,132
DA:68,132
DA:69,132
DA:70,132
DA:72,112
DA:73,112
DA:74,112
DA:75,112
DA:76,112
DA:77,112
DA:78,112
DA:79,112
DA:80,112
DA:81,112
DA:82,112
DA:83,112
DA:84,112
DA:85,112
DA:86,112
DA:87,112
DA:88,112
DA:89,112
DA:90,112
DA:91,112
BRF:0
BRH:0
LF:54
LH:54
end_of_record
SF:/Users/drgo/local/code/MDEditor/Sources/MDEditor/MarkdownStylingUtilities.swift
FN:19,$sSo7NSColorC8MDEditorE7fromHexyABSgSSFZ
FN:57,$s8MDEditor14getItalicTraitSo30NSFontDescriptorSymbolicTraitsVyF
FN:67,$s8MDEditor12getBoldTraitSo30NSFontDescriptorSymbolicTraitsVyF
FN:86,$s8MDEditor24ListItemContainingMarkupPAAE9listDepthSivg
FN:103,$sSo25NSMutableAttributedStringC8MDEditorE23getBaseFontForExtension33_4FD49A267A7BE81BAD47F7BFA75CC085LL04baseG4Size0rG4Name6weightSo6NSFontC12CoreGraphics7CGFloatV_SSSgSo0V6WeightatF
FN:111,$sSo25NSMutableAttributedStringC8MDEditorE13applyEmphasis12baseFontSize0gH4Name07defaultH5Colory12CoreGraphics7CGFloatV_SSSgSo7NSColorCtF
FN:112,$sSo25NSMutableAttributedStringC8MDEditorE13applyEmphasis12baseFontSize0gH4Name07defaultH5Colory12CoreGraphics7CGFloatV_SSSgSo7NSColorCtFyypSg_So8_NSRangeVSpy10ObjectiveC8ObjCBoolVGtXEfU_
FN:113,$sSo25NSMutableAttributedStringC8MDEditorE13applyEmphasis12baseFontSize0gH4Name07defaultH5Colory12CoreGraphics7CGFloatV_SSSgSo7NSColorCtFyypSg_So8_NSRangeVSpy10ObjectiveC8ObjCBoolVGtXEfU_So6NSFontCyKXEfu_
FN:122,$sSo25NSMutableAttributedStringC8MDEditorE11applyStrong12baseFontSize0gH4Name07defaultH5Colory12CoreGraphics7CGFloatV_SSSgSo7NSColorCtF
FN:123,$sSo25NSMutableAttributedStringC8MDEditorE11applyStrong12baseFontSize0gH4Name07defaultH5Colory12CoreGraphics7CGFloatV_SSSgSo7NSColorCtFyypSg_So8_NSRangeVSpy10ObjectiveC8ObjCBoolVGtXEfU_
FN:124,$sSo25NSMutableAttributedStringC8MDEditorE11applyStrong12baseFontSize0gH4Name07defaultH5Colory12CoreGraphics7CGFloatV_SSSgSo7NSColorCtFyypSg_So8_NSRangeVSpy10ObjectiveC8ObjCBoolVGtXEfU_So6NSFontCyKXEfu_
FN:133,$sSo25NSMutableAttributedStringC8MDEditorE9applyLink7withURL5colory10Foundation0H0VSg_So7NSColorCtF
FN:141,$sSo25NSMutableAttributedStringC8MDEditorE12applyHeading5level9fontScale12baseFontSize0jK4Name07defaultK5ColorySi_12CoreGraphics7CGFloatVALSSSgSo7NSColorCtF
FN:142,$sSo25NSMutableAttributedStringC8MDEditorE12applyHeading5level9fontScale12baseFontSize0jK4Name07defaultK5ColorySi_12CoreGraphics7CGFloatVALSSSgSo7NSColorCtFyypSg_So8_NSRangeVSpy10ObjectiveC8ObjCBoolVGtXEfU_
FN:154,$sSo25NSMutableAttributedStringC8MDEditorE18applyStrikethroughyyF
FN:162,$sSo6NSFontC8MDEditorE5apply9newTraits0D9PointSizeABSo0a18DescriptorSymbolicE0V_12CoreGraphics7CGFloatVSgtF
FN:172,$sSo6NSFontC8MDEditorE5apply9newTraits0D9PointSizeABSo0a18DescriptorSymbolicE0V_12CoreGraphics7CGFloatVSgtFAKyKXEfu_
FN:172,$sSo6NSFontC8MDEditorE5apply9newTraits0D9PointSizeABSo0a18DescriptorSymbolicE0V_12CoreGraphics7CGFloatVSgtFAByKXEfu0_
FN:178,$sSo6NSFontC8MDEditorE28platformMonospacedSystemFont6ofSize6weightAB12CoreGraphics7CGFloatV_So0A6WeightatFZ
FN:183,$sSo6NSFontC8MDEditorE28platformMonospacedSystemFont6ofSize6weightAB12CoreGraphics7CGFloatV_So0A6WeightatFZAByKXEfu_
FN:192,$sSo6NSFontC8MDEditorE33platformMonospacedDigitSystemFont6ofSize6weightAB12CoreGraphics7CGFloatV_So0A6WeightatFZ
FN:197,$sSo6NSFontC8MDEditorE33platformMonospacedDigitSystemFont6ofSize6weightAB12CoreGraphics7CGFloatV_So0A6WeightatFZAByKXEfu_
FN:210,$s8Markdown6MarkupP8MDEditorE12hasSuccessorSbvg
FN:216,$s8Markdown6MarkupP8MDEditorE17isContainedInListSbvg
FN:229,$s8Markdown10BlockQuoteV8MDEditorE10quoteDepthSivg
FN:243,$sSo18NSAttributedStringC8MDEditorE17getFontForNewline33_4FD49A267A7BE81BAD47F7BFA75CC085LL8fontName0P4SizeSo6NSFontCSSSg_12CoreGraphics7CGFloatVtFZ
FN:251,$sSo18NSAttributedStringC8MDEditorE13singleNewline12withFontSize8fontName5colorAB12CoreGraphics7CGFloatV_SSSgSo7NSColorCtFZ
FN:258,$sSo18NSAttributedStringC8MDEditorE13doubleNewline12withFontSize8fontName5colorAB12CoreGraphics7CGFloatV_SSSgSo7NSColorCtFZ
FNDA:0,$sSo7NSColorC8MDEditorE7fromHexyABSgSSFZ
FNDA:2,$s8MDEditor14getItalicTraitSo30NSFontDescriptorSymbolicTraitsVyF
FNDA:9,$s8MDEditor12getBoldTraitSo30NSFontDescriptorSymbolicTraitsVyF
FNDA:2,$s8MDEditor24ListItemContainingMarkupPAAE9listDepthSivg
FNDA:0,$sSo25NSMutableAttributedStringC8MDEditorE23getBaseFontForExtension33_4FD49A267A7BE81BAD47F7BFA75CC085LL04baseG4Size0rG4Name6weightSo6NSFontC12CoreGraphics7CGFloatV_SSSgSo0V6WeightatF
FNDA:0,$sSo25NSMutableAttributedStringC8MDEditorE13applyEmphasis12baseFontSize0gH4Name07defaultH5Colory12CoreGraphics7CGFloatV_SSSgSo7NSColorCtF
FNDA:0,$sSo25NSMutableAttributedStringC8MDEditorE13applyEmphasis12baseFontSize0gH4Name07defaultH5Colory12CoreGraphics7CGFloatV_SSSgSo7NSColorCtFyypSg_So8_NSRangeVSpy10ObjectiveC8ObjCBoolVGtXEfU_
FNDA:0,$sSo25NSMutableAttributedStringC8MDEditorE13applyEmphasis12baseFontSize0gH4Name07defaultH5Colory12CoreGraphics7CGFloatV_SSSgSo7NSColorCtFyypSg_So8_NSRangeVSpy10ObjectiveC8ObjCBoolVGtXEfU_So6NSFontCyKXEfu_
FNDA:0,$sSo25NSMutableAttributedStringC8MDEditorE11applyStrong12baseFontSize0gH4Name07defaultH5Colory12CoreGraphics7CGFloatV_SSSgSo7NSColorCtF
FNDA:0,$sSo25NSMutableAttributedStringC8MDEditorE11applyStrong12baseFontSize0gH4Name07defaultH5Colory12CoreGraphics7CGFloatV_SSSgSo7NSColorCtFyypSg_So8_NSRangeVSpy10ObjectiveC8ObjCBoolVGtXEfU_
FNDA:0,$sSo25NSMutableAttributedStringC8MDEditorE11applyStrong12baseFontSize0gH4Name07defaultH5Colory12CoreGraphics7CGFloatV_SSSgSo7NSColorCtFyypSg_So8_NSRangeVSpy10ObjectiveC8ObjCBoolVGtXEfU_So6NSFontCyKXEfu_
FNDA:0,$sSo25NSMutableAttributedStringC8MDEditorE9applyLink7withURL5colory10Foundation0H0VSg_So7NSColorCtF
FNDA:0,$sSo25NSMutableAttributedStringC8MDEditorE12applyHeading5level9fontScale12baseFontSize0jK4Name07defaultK5ColorySi_12CoreGraphics7CGFloatVALSSSgSo7NSColorCtF
FNDA:0,$sSo25NSMutableAttributedStringC8MDEditorE12applyHeading5level9fontScale12baseFontSize0jK4Name07defaultK5ColorySi_12CoreGraphics7CGFloatVALSSSgSo7NSColorCtFyypSg_So8_NSRangeVSpy10ObjectiveC8ObjCBoolVGtXEfU_
FNDA:0,$sSo25NSMutableAttributedStringC8MDEditorE18applyStrikethroughyyF
FNDA:11,$sSo6NSFontC8MDEditorE5apply9newTraits0D9PointSizeABSo0a18DescriptorSymbolicE0V_12CoreGraphics7CGFloatVSgtF
FNDA:11,$sSo6NSFontC8MDEditorE5apply9newTraits0D9PointSizeABSo0a18DescriptorSymbolicE0V_12CoreGraphics7CGFloatVSgtFAKyKXEfu_
FNDA:0,$sSo6NSFontC8MDEditorE5apply9newTraits0D9PointSizeABSo0a18DescriptorSymbolicE0V_12CoreGraphics7CGFloatVSgtFAByKXEfu0_
FNDA:0,$sSo6NSFontC8MDEditorE28platformMonospacedSystemFont6ofSize6weightAB12CoreGraphics7CGFloatV_So0A6WeightatFZ
FNDA:0,$sSo6NSFontC8MDEditorE28platformMonospacedSystemFont6ofSize6weightAB12CoreGraphics7CGFloatV_So0A6WeightatFZAByKXEfu_
FNDA:0,$sSo6NSFontC8MDEditorE33platformMonospacedDigitSystemFont6ofSize6weightAB12CoreGraphics7CGFloatV_So0A6WeightatFZ
FNDA:0,$sSo6NSFontC8MDEditorE33platformMonospacedDigitSystemFont6ofSize6weightAB12CoreGraphics7CGFloatV_So0A6WeightatFZAByKXEfu_
FNDA:0,$s8Markdown6MarkupP8MDEditorE12hasSuccessorSbvg
FNDA:15,$s8Markdown6MarkupP8MDEditorE17isContainedInListSbvg
FNDA:1,$s8Markdown10BlockQuoteV8MDEditorE10quoteDepthSivg
FNDA:2,$sSo18NSAttributedStringC8MDEditorE17getFontForNewline33_4FD49A267A7BE81BAD47F7BFA75CC085LL8fontName0P4SizeSo6NSFontCSSSg_12CoreGraphics7CGFloatVtFZ
FNDA:2,$sSo18NSAttributedStringC8MDEditorE13singleNewline12withFontSize8fontName5colorAB12CoreGraphics7CGFloatV_SSSgSo7NSColorCtFZ
FNDA:0,$sSo18NSAttributedStringC8MDEditorE13doubleNewline12withFontSize8fontName5colorAB12CoreGraphics7CGFloatV_SSSgSo7NSColorCtFZ
FNF:28
FNH:9
DA:19,0
DA:20,0
DA:21,0
DA:22,0
DA:23,0
DA:24,0
DA:25,0
DA:26,0
DA:27,0
DA:28,0
DA:29,0
DA:30,0
DA:31,0
DA:32,0
DA:33,0
DA:34,0
DA:35,0
DA:36,0
DA:37,0
DA:38,0
DA:39,0
DA:40,0
DA:41,0
DA:42,0
DA:43,0
DA:44,0
DA:48,0
DA:52,0
DA:57,2
DA:61,2
DA:65,2
DA:67,9
DA:71,9
DA:75,9
DA:86,2
DA:87,2
DA:88,2
DA:89,4
DA:90,4
DA:91,1
DA:92,1
DA:93,4
DA:94,4
DA:95,2
DA:96,2
DA:103,0
DA:104,0
DA:105,0
DA:106,0
DA:107,0
DA:108,0
DA:111,0
DA:112,0
DA:113,0
DA:114,0
DA:115,0
DA:116,0
DA:117,0
DA:118,0
DA:119,0
DA:120,0
DA:122,0
DA:123,0
DA:124,0
DA:125,0
DA:126,0
DA:127,0
DA:128,0
DA:129,0
DA:130,0
DA:131,0
DA:133,0
DA:134,0
DA:135,0
DA:136,0
DA:137,0
DA:138,0
DA:139,0
DA:141,0
DA:142,0
DA:143,0
DA:144,0
DA:145,0
DA:146,0
DA:147,0
DA:148,0
DA:149,0
DA:150,0
DA:151,0
DA:152,0
DA:154,0
DA:155,0
DA:156,0
DA:162,11
DA:163,11
DA:164,11
DA:165,11
DA:166,11
DA:171,11
DA:172,11
DA:176,11
DA:178,0
DA:180,0
DA:181,0
DA:182,0
DA:183,0
DA:184,0
DA:190,0
DA:192,0
DA:194,0
DA:195,0
DA:196,0
DA:197,0
DA:198,0
DA:204,0
DA:210,0
DA:211,0
DA:212,0
DA:213,0
DA:214,0
DA:216,15
DA:217,15
DA:218,31
DA:219,19
DA:220,16
DA:221,16
DA:222,12
DA:223,15
DA:229,1
DA:230,1
DA:231,1
DA:232,2
DA:233,1
DA:234,1
DA:235,1
DA:236,1
DA:237,1
DA:243,2
DA:244,2
DA:245,0
DA:246,2
DA:247,2
DA:248,2
DA:251,2
DA:252,2
DA:253,2
DA:254,2
DA:255,2
DA:256,2
DA:258,0
DA:259,0
DA:260,0
DA:261,0
DA:262,0
DA:263,0
BRF:0
BRH:0
LF:187
LH:54
end_of_record
SF:/Users/drgo/local/code/MDEditor/Sources/MDEditor/TextDirection.swift
FN:19,$s8MDEditor13TextDirectionO4fromACs7Decoder_p_tKcfC
FN:36,$s8MDEditor13TextDirectionO6encode2toys7Encoder_p_tKF
FNDA:4,$s8MDEditor13TextDirectionO4fromACs7Decoder_p_tKcfC
FNDA:2,$s8MDEditor13TextDirectionO6encode2toys7Encoder_p_tKF
FNF:2
FNH:2
DA:19,4
DA:20,4
DA:21,4
DA:22,4
DA:23,4
DA:24,4
DA:25,2
DA:26,4
DA:27,1
DA:28,4
DA:29,1
DA:30,1
DA:31,1
DA:32,4
DA:33,3
DA:36,2
DA:37,2
DA:38,2
DA:39,2
DA:40,2
BRF:0
BRH:0
LF:20
LH:20
end_of_record
